{"username":"prateeks","accessKey":"IuCSesD83A7LsTFzEKS0Lb6tzvEfBQ38DMkFTEpudatxxxsdjH","level":"info","message":"Imported ApiClient and User Credenetials","timestamp":"2020-10-12T07:14:55.407Z"}
{"url":"https://api.lambdatest.com/automation/api/v1/sessions/7a9146fe71b4ad0afb16abc879d1d379","body":"{\"name\":\"Google Search Function\",\"status_ind\":\"passed\"}","method":"PATCH","headers":{"Authorization":"Basic cHJhdGVla3M6SXVDU2VzRDgzQTdMc1RGekVLUzBMYjZ0enZFZkJRMzhETWtGVEVwdWRhdHh4eHNkakg=","Content-Type":"application/json","Accept":"application/json"},"level":"info","message":"Api request options ","timestamp":"2020-10-12T07:15:05.744Z"}
{"message":"Api response json : Session updated successfully","status":"success","level":"info","timestamp":"2020-10-12T07:15:06.880Z"}
{"username":"prateeks","accessKey":"IuCSesD83A7LsTFzEKS0Lb6tzvEfBQ38DMkFTEpudatxxxsdjH","level":"info","message":"Imported ApiClient and User Credenetials","timestamp":"2020-10-12T07:16:19.239Z"}
{"url":"https://api.lambdatest.com/automation/api/v1/sessions/fa0a103ebfd25179f7201534ff87f1fd","body":"{\"name\":\"Google Search Function\",\"status_ind\":\"failed\"}","method":"PATCH","headers":{"Authorization":"Basic cHJhdGVla3M6SXVDU2VzRDgzQTdMc1RGekVLUzBMYjZ0enZFZkJRMzhETWtGVEVwdWRhdHh4eHNkakg=","Content-Type":"application/json","Accept":"application/json"},"level":"info","message":"Api request options ","timestamp":"2020-10-12T07:16:31.661Z"}
{"message":"Api response json : Session updated successfully","status":"success","level":"info","timestamp":"2020-10-12T07:16:32.769Z"}
{"username":"prateeks","accessKey":"IuCSesD83A7LsTFzEKS0Lb6tzvEfBQ38DMkFTEpudatxxxsdjH","level":"info","message":"Imported ApiClient and User Credenetials","timestamp":"2020-10-12T07:19:23.167Z"}
{"url":"https://api.lambdatest.com/automation/api/v1/sessions/991e019ff7556328665a27f94a29f9aa","body":"{\"name\":\"Google Search Function\",\"status_ind\":\"failed\"}","method":"PATCH","headers":{"Authorization":"Basic cHJhdGVla3M6SXVDU2VzRDgzQTdMc1RGekVLUzBMYjZ0enZFZkJRMzhETWtGVEVwdWRhdHh4eHNkakg=","Content-Type":"application/json","Accept":"application/json"},"level":"info","message":"Api request options ","timestamp":"2020-10-12T07:19:33.686Z"}
{"message":"Api response json : Session updated successfully","status":"success","level":"info","timestamp":"2020-10-12T07:19:34.956Z"}
{"username":"prateeks","accessKey":"IuCSesD83A7LsTFzEKS0Lb6tzvEfBQ38DMkFTEpudatxxxsdjH","level":"info","message":"Imported ApiClient and User Credenetials","timestamp":"2020-10-12T07:36:12.146Z"}
{"url":"https://api.lambdatest.com/automation/api/v1/sessions/f91186a1a030c306422d814a7b888c07","body":"{\"name\":\"Google Search Function\",\"status_ind\":\"failed\"}","method":"PATCH","headers":{"Authorization":"Basic cHJhdGVla3M6SXVDU2VzRDgzQTdMc1RGekVLUzBMYjZ0enZFZkJRMzhETWtGVEVwdWRhdHh4eHNkakg=","Content-Type":"application/json","Accept":"application/json"},"level":"info","message":"Api request options ","timestamp":"2020-10-12T07:36:24.056Z"}
{"message":"Api response json : Session updated successfully","status":"success","level":"info","timestamp":"2020-10-12T07:36:25.187Z"}
{"username":"prateeks","accessKey":"IuCSesD83A7LsTFzEKS0Lb6tzvEfBQ38DMkFTEpudatxxxsdjH","level":"info","message":"Imported ApiClient and User Credenetials","timestamp":"2020-10-12T07:37:13.422Z"}
{"url":"https://api.lambdatest.com/automation/api/v1/sessions/9fbfadcc8a1c573f7ef93d4c586d3413","body":"{\"name\":\"Google Search Function\",\"status_ind\":\"passed\"}","method":"PATCH","headers":{"Authorization":"Basic cHJhdGVla3M6SXVDU2VzRDgzQTdMc1RGekVLUzBMYjZ0enZFZkJRMzhETWtGVEVwdWRhdHh4eHNkakg=","Content-Type":"application/json","Accept":"application/json"},"level":"info","message":"Api request options ","timestamp":"2020-10-12T07:37:27.315Z"}
{"message":"Api response json : Session updated successfully","status":"success","level":"info","timestamp":"2020-10-12T07:37:28.451Z"}
{"username":"prateeks","accessKey":"IuCSesD83A7LsTFzEKS0Lb6tzvEfBQ38DMkFTEpudatxxxsdjH","level":"info","message":"Imported ApiClient and User Credenetials","timestamp":"2020-10-12T07:38:19.085Z"}
{"url":"https://api.lambdatest.com/automation/api/v1/sessions/0bc35696165c70ced0e21618dde32497","body":"{\"name\":\"Google Search Function\",\"status_ind\":\"failed\"}","method":"PATCH","headers":{"Authorization":"Basic cHJhdGVla3M6SXVDU2VzRDgzQTdMc1RGekVLUzBMYjZ0enZFZkJRMzhETWtGVEVwdWRhdHh4eHNkakg=","Content-Type":"application/json","Accept":"application/json"},"level":"info","message":"Api request options ","timestamp":"2020-10-12T07:38:29.094Z"}
{"message":"Api response json : Session updated successfully","status":"success","level":"info","timestamp":"2020-10-12T07:38:30.226Z"}
{"username":"prateeks","accessKey":"IuCSesD83A7LsTFzEKS0Lb6tzvEfBQ38DMkFTEpudatxxxsdjH","level":"info","message":"Imported ApiClient and User Credenetials","timestamp":"2020-10-12T07:39:12.606Z"}
{"url":"https://api.lambdatest.com/automation/api/v1/sessions/d222ec4211aa6664b62c17ec07e3d171","body":"{\"name\":\"Google Search Function\",\"status_ind\":\"failed\"}","method":"PATCH","headers":{"Authorization":"Basic cHJhdGVla3M6SXVDU2VzRDgzQTdMc1RGekVLUzBMYjZ0enZFZkJRMzhETWtGVEVwdWRhdHh4eHNkakg=","Content-Type":"application/json","Accept":"application/json"},"level":"info","message":"Api request options ","timestamp":"2020-10-12T07:39:30.397Z"}
{"message":"Api response json : Session updated successfully","status":"success","level":"info","timestamp":"2020-10-12T07:39:31.571Z"}
{"username":"prateeks","accessKey":"IuCSesD83A7LsTFzEKS0Lb6tzvEfBQ38DMkFTEpudatxxxsdjH","level":"info","message":"Imported ApiClient and User Credenetials","timestamp":"2020-10-12T07:40:40.855Z"}
{"url":"https://api.lambdatest.com/automation/api/v1/sessions/dac0bb975b710b9f8d098ccc08effa39","body":"{\"name\":\"Google Search Function\",\"status_ind\":\"failed\"}","method":"PATCH","headers":{"Authorization":"Basic cHJhdGVla3M6SXVDU2VzRDgzQTdMc1RGekVLUzBMYjZ0enZFZkJRMzhETWtGVEVwdWRhdHh4eHNkakg=","Content-Type":"application/json","Accept":"application/json"},"level":"info","message":"Api request options ","timestamp":"2020-10-12T07:40:51.551Z"}
{"message":"Api response json : Session updated successfully","status":"success","level":"info","timestamp":"2020-10-12T07:40:52.656Z"}
{"username":"prateeks","accessKey":"IuCSesD83A7LsTFzEKS0Lb6tzvEfBQ38DMkFTEpudatxxxsdjH","level":"info","message":"Imported ApiClient and User Credenetials","timestamp":"2020-10-12T07:44:01.799Z"}
{"url":"https://api.lambdatest.com/automation/api/v1/sessions/116941d67fcd0065b79244f114c77bdb","body":"{\"name\":\"Google Search Function\",\"status_ind\":\"failed\"}","method":"PATCH","headers":{"Authorization":"Basic cHJhdGVla3M6SXVDU2VzRDgzQTdMc1RGekVLUzBMYjZ0enZFZkJRMzhETWtGVEVwdWRhdHh4eHNkakg=","Content-Type":"application/json","Accept":"application/json"},"level":"info","message":"Api request options ","timestamp":"2020-10-12T07:44:14.661Z"}
{"message":"Api response json : Session updated successfully","status":"success","level":"info","timestamp":"2020-10-12T07:44:15.789Z"}
{"username":"prateeks","accessKey":"IuCSesD83A7LsTFzEKS0Lb6tzvEfBQ38DMkFTEpudatxxxsdjH","level":"info","message":"Imported ApiClient and User Credenetials","timestamp":"2020-10-12T07:50:32.873Z"}
{"url":"https://api.lambdatest.com/automation/api/v1/sessions/a59f6af0192b823543d05d8c477fd7ef","body":"{\"name\":\"Google Search Function\",\"status_ind\":\"failed\"}","method":"PATCH","headers":{"Authorization":"Basic cHJhdGVla3M6SXVDU2VzRDgzQTdMc1RGekVLUzBMYjZ0enZFZkJRMzhETWtGVEVwdWRhdHh4eHNkakg=","Content-Type":"application/json","Accept":"application/json"},"level":"info","message":"Api request options ","timestamp":"2020-10-12T07:50:45.682Z"}
{"message":"Api response json : Session updated successfully","status":"success","level":"info","timestamp":"2020-10-12T07:50:46.808Z"}
{"username":"prateeks","accessKey":"IuCSesD83A7LsTFzEKS0Lb6tzvEfBQ38DMkFTEpudatxxxsdjH","level":"info","message":"Imported ApiClient and User Credenetials","timestamp":"2020-10-12T09:37:07.997Z"}
{"url":"https://api.lambdatest.com/automation/api/v1/sessions/218d717651319223f4587c1f15557aab","body":"{\"name\":\"Google Search Function\",\"status_ind\":\"failed\"}","method":"PATCH","headers":{"Authorization":"Basic cHJhdGVla3M6SXVDU2VzRDgzQTdMc1RGekVLUzBMYjZ0enZFZkJRMzhETWtGVEVwdWRhdHh4eHNkakg=","Content-Type":"application/json","Accept":"application/json"},"level":"info","message":"Api request options ","timestamp":"2020-10-12T09:37:20.253Z"}
{"message":"Api response json : Session updated successfully","status":"success","level":"info","timestamp":"2020-10-12T09:37:21.447Z"}
{"username":"prateeks","accessKey":"IuCSesD83A7LsTFzEKS0Lb6tzvEfBQ38DMkFTEpudatxxxsdjH","level":"info","message":"Imported ApiClient and User Credenetials","timestamp":"2020-10-12T09:41:58.858Z"}
{"url":"https://api.lambdatest.com/automation/api/v1/sessions/87efb1b79ff60ec1f5b251b91d5066c2","body":"{\"name\":\"Google Search Function\",\"status_ind\":\"failed\"}","method":"PATCH","headers":{"Authorization":"Basic cHJhdGVla3M6SXVDU2VzRDgzQTdMc1RGekVLUzBMYjZ0enZFZkJRMzhETWtGVEVwdWRhdHh4eHNkakg=","Content-Type":"application/json","Accept":"application/json"},"level":"info","message":"Api request options ","timestamp":"2020-10-12T09:42:11.917Z"}
{"message":"Api response json : Session updated successfully","status":"success","level":"info","timestamp":"2020-10-12T09:42:13.047Z"}
{"username":"prateeks","accessKey":"IuCSesD83A7LsTFzEKS0Lb6tzvEfBQ38DMkFTEpudatxxxsdjH","level":"info","message":"Imported ApiClient and User Credenetials","timestamp":"2020-10-12T09:42:55.661Z"}
{"url":"https://api.lambdatest.com/automation/api/v1/sessions/0270c16eee708cd9119c8732965a96b1","body":"{\"name\":\"Google Search Function\",\"status_ind\":\"passed\"}","method":"PATCH","headers":{"Authorization":"Basic cHJhdGVla3M6SXVDU2VzRDgzQTdMc1RGekVLUzBMYjZ0enZFZkJRMzhETWtGVEVwdWRhdHh4eHNkakg=","Content-Type":"application/json","Accept":"application/json"},"level":"info","message":"Api request options ","timestamp":"2020-10-12T09:43:07.345Z"}
{"message":"Api response json : Session updated successfully","status":"success","level":"info","timestamp":"2020-10-12T09:43:08.440Z"}
{"username":"prateeks","accessKey":"IuCSesD83A7LsTFzEKS0Lb6tzvEfBQ38DMkFTEpudatxxxsdjH","level":"info","message":"Imported ApiClient and User Credenetials","timestamp":"2020-10-12T09:47:25.332Z"}
{"url":"https://api.lambdatest.com/automation/api/v1/sessions/3f7f34925af52d064c2894bc79dbc11b","body":"{\"name\":\"Google Search Function\",\"status_ind\":\"failed\"}","method":"PATCH","headers":{"Authorization":"Basic cHJhdGVla3M6SXVDU2VzRDgzQTdMc1RGekVLUzBMYjZ0enZFZkJRMzhETWtGVEVwdWRhdHh4eHNkakg=","Content-Type":"application/json","Accept":"application/json"},"level":"info","message":"Api request options ","timestamp":"2020-10-12T09:47:37.148Z"}
{"message":"Api response json : Session updated successfully","status":"success","level":"info","timestamp":"2020-10-12T09:47:38.273Z"}
{"username":"prateeks","accessKey":"IuCSesD83A7LsTFzEKS0Lb6tzvEfBQ38DMkFTEpudatxxxsdjH","level":"info","message":"Imported ApiClient and User Credenetials","timestamp":"2020-10-12T09:54:34.096Z"}
{"url":"https://api.lambdatest.com/automation/api/v1/sessions/f6f0de082c0069df648dbd2ee108baa1","body":"{\"name\":\"Google Search Function\",\"status_ind\":\"failed\"}","method":"PATCH","headers":{"Authorization":"Basic cHJhdGVla3M6SXVDU2VzRDgzQTdMc1RGekVLUzBMYjZ0enZFZkJRMzhETWtGVEVwdWRhdHh4eHNkakg=","Content-Type":"application/json","Accept":"application/json"},"level":"info","message":"Api request options ","timestamp":"2020-10-12T09:54:46.160Z"}
{"message":"Api response json : Session updated successfully","status":"success","level":"info","timestamp":"2020-10-12T09:54:47.410Z"}
{"username":"prateeks","accessKey":"IuCSesD83A7LsTFzEKS0Lb6tzvEfBQ38DMkFTEpudatxxxsdjH","level":"info","message":"Imported ApiClient and User Credenetials","timestamp":"2020-10-12T09:55:54.131Z"}
{"url":"https://api.lambdatest.com/automation/api/v1/sessions/c770797ed839cbf7400397aae13d5632","body":"{\"name\":\"Google Search Function\",\"status_ind\":\"passed\"}","method":"PATCH","headers":{"Authorization":"Basic cHJhdGVla3M6SXVDU2VzRDgzQTdMc1RGekVLUzBMYjZ0enZFZkJRMzhETWtGVEVwdWRhdHh4eHNkakg=","Content-Type":"application/json","Accept":"application/json"},"level":"info","message":"Api request options ","timestamp":"2020-10-12T09:56:05.659Z"}
{"message":"Api response json : Session updated successfully","status":"success","level":"info","timestamp":"2020-10-12T09:56:06.779Z"}
{"username":"prateeks","accessKey":"IuCSesD83A7LsTFzEKS0Lb6tzvEfBQ38DMkFTEpudatxxxsdjH","level":"info","message":"Imported ApiClient and User Credenetials","timestamp":"2020-10-12T09:56:16.510Z"}
{"username":"prateeks","accessKey":"IuCSesD83A7LsTFzEKS0Lb6tzvEfBQ38DMkFTEpudatxxxsdjH","level":"info","message":"Imported ApiClient and User Credenetials","timestamp":"2020-10-12T09:56:16.518Z"}
{"username":"prateeks","accessKey":"IuCSesD83A7LsTFzEKS0Lb6tzvEfBQ38DMkFTEpudatxxxsdjH","level":"info","message":"Imported ApiClient and User Credenetials","timestamp":"2020-10-12T09:56:16.525Z"}
{"url":"https://api.lambdatest.com/automation/api/v1/sessions/0ed73c8cde707296e28c7db7df244af7","body":"{\"name\":\"Google Search Function\",\"status_ind\":\"passed\"}","method":"PATCH","headers":{"Authorization":"Basic cHJhdGVla3M6SXVDU2VzRDgzQTdMc1RGekVLUzBMYjZ0enZFZkJRMzhETWtGVEVwdWRhdHh4eHNkakg=","Content-Type":"application/json","Accept":"application/json"},"level":"info","message":"Api request options ","timestamp":"2020-10-12T09:56:27.864Z"}
{"message":"Api response json : Session updated successfully","status":"success","level":"info","timestamp":"2020-10-12T09:56:28.946Z"}
{"url":"https://api.lambdatest.com/automation/api/v1/sessions/4e6eaffc-9be7-4702-9812-100e40b84d78","body":"{\"name\":\"Google Search Function\",\"status_ind\":\"passed\"}","method":"PATCH","headers":{"Authorization":"Basic cHJhdGVla3M6SXVDU2VzRDgzQTdMc1RGekVLUzBMYjZ0enZFZkJRMzhETWtGVEVwdWRhdHh4eHNkakg=","Content-Type":"application/json","Accept":"application/json"},"level":"info","message":"Api request options ","timestamp":"2020-10-12T09:56:33.497Z"}
{"url":"https://api.lambdatest.com/automation/api/v1/sessions/471ac0f8-6b24-4494-b3c7-70816e0bb549","body":"{\"name\":\"Google Search Function\",\"status_ind\":\"passed\"}","method":"PATCH","headers":{"Authorization":"Basic cHJhdGVla3M6SXVDU2VzRDgzQTdMc1RGekVLUzBMYjZ0enZFZkJRMzhETWtGVEVwdWRhdHh4eHNkakg=","Content-Type":"application/json","Accept":"application/json"},"level":"info","message":"Api request options ","timestamp":"2020-10-12T09:56:34.125Z"}
{"message":"Api response json : Session updated successfully","status":"success","level":"info","timestamp":"2020-10-12T09:56:34.584Z"}
{"message":"Api response json : Session updated successfully","status":"success","level":"info","timestamp":"2020-10-12T09:56:35.240Z"}
{"username":"prateeks","accessKey":"IuCSesD83A7LsTFzEKS0Lb6tzvEfBQ38DMkFTEpudatxxxsdjH","level":"info","message":"Imported ApiClient and User Credenetials","timestamp":"2020-10-12T09:56:48.153Z"}
{"url":"https://api.lambdatest.com/automation/api/v1/sessions/eb627023ffe3e4c77755ee371df022ac","body":"{\"name\":\"Google Search Function\",\"status_ind\":\"passed\"}","method":"PATCH","headers":{"Authorization":"Basic cHJhdGVla3M6SXVDU2VzRDgzQTdMc1RGekVLUzBMYjZ0enZFZkJRMzhETWtGVEVwdWRhdHh4eHNkakg=","Content-Type":"application/json","Accept":"application/json"},"level":"info","message":"Api request options ","timestamp":"2020-10-12T09:57:11.329Z"}
{"message":"Api response json : Session updated successfully","status":"success","level":"info","timestamp":"2020-10-12T09:57:12.509Z"}
{"username":"prateeks","accessKey":"IuCSesD83A7LsTFzEKS0Lb6tzvEfBQ38DMkFTEpudatxxxsdjH","level":"info","message":"Imported ApiClient and User Credenetials","timestamp":"2020-10-12T10:01:41.208Z"}
{"url":"https://api.lambdatest.com/automation/api/v1/sessions/1ab8d725e83aec654130c14863079a9a","body":"{\"name\":\"Google Search Function\",\"status_ind\":\"passed\"}","method":"PATCH","headers":{"Authorization":"Basic cHJhdGVla3M6SXVDU2VzRDgzQTdMc1RGekVLUzBMYjZ0enZFZkJRMzhETWtGVEVwdWRhdHh4eHNkakg=","Content-Type":"application/json","Accept":"application/json"},"level":"info","message":"Api request options ","timestamp":"2020-10-12T10:01:54.020Z"}
{"message":"Api response json : Session updated successfully","status":"success","level":"info","timestamp":"2020-10-12T10:01:55.117Z"}
{"username":"prateeks","accessKey":"IuCSesD83A7LsTFzEKS0Lb6tzvEfBQ38DMkFTEpudatxxxsdjH","level":"info","message":"Imported ApiClient and User Credenetials","timestamp":"2020-10-12T10:04:55.044Z"}
{"url":"https://api.lambdatest.com/automation/api/v1/sessions/f54ea0b8-913b-4b26-8003-7435c7ea6ded","body":"{\"name\":\"Google Search Function\",\"status_ind\":\"failed\"}","method":"PATCH","headers":{"Authorization":"Basic cHJhdGVla3M6SXVDU2VzRDgzQTdMc1RGekVLUzBMYjZ0enZFZkJRMzhETWtGVEVwdWRhdHh4eHNkakg=","Content-Type":"application/json","Accept":"application/json"},"level":"info","message":"Api request options ","timestamp":"2020-10-12T10:05:34.756Z"}
{"message":"Api response json : Session updated successfully","status":"success","level":"info","timestamp":"2020-10-12T10:05:35.894Z"}
{"username":"prateeks","accessKey":"IuCSesD83A7LsTFzEKS0Lb6tzvEfBQ38DMkFTEpudatxxxsdjH","level":"info","message":"Imported ApiClient and User Credenetials","timestamp":"2020-10-12T10:53:49.770Z"}
{"url":"https://api.lambdatest.com/automation/api/v1/sessions/2efbe59b-ea3d-49f5-8a67-bd8a290e2234","body":"{\"name\":\"Google Search Function\",\"status_ind\":\"failed\"}","method":"PATCH","headers":{"Authorization":"Basic cHJhdGVla3M6SXVDU2VzRDgzQTdMc1RGekVLUzBMYjZ0enZFZkJRMzhETWtGVEVwdWRhdHh4eHNkakg=","Content-Type":"application/json","Accept":"application/json"},"level":"info","message":"Api request options ","timestamp":"2020-10-12T10:54:27.757Z"}
{"message":"Api response json : Session updated successfully","status":"success","level":"info","timestamp":"2020-10-12T10:54:28.836Z"}
{"username":"prateeks","accessKey":"IuCSesD83A7LsTFzEKS0Lb6tzvEfBQ38DMkFTEpudatxxxsdjH","level":"info","message":"Imported ApiClient and User Credenetials","timestamp":"2020-10-12T11:03:03.226Z"}
{"url":"https://api.lambdatest.com/automation/api/v1/sessions/1c2264d9-ca58-4cc7-b907-50376f498bac","body":"{\"name\":\"Google Search Function\",\"status_ind\":\"failed\"}","method":"PATCH","headers":{"Authorization":"Basic cHJhdGVla3M6SXVDU2VzRDgzQTdMc1RGekVLUzBMYjZ0enZFZkJRMzhETWtGVEVwdWRhdHh4eHNkakg=","Content-Type":"application/json","Accept":"application/json"},"level":"info","message":"Api request options ","timestamp":"2020-10-12T11:03:41.406Z"}
{"message":"Api response json : Session updated successfully","status":"success","level":"info","timestamp":"2020-10-12T11:03:42.535Z"}
{"username":"prateeks","accessKey":"IuCSesD83A7LsTFzEKS0Lb6tzvEfBQ38DMkFTEpudatxxxsdjH","level":"info","message":"Imported ApiClient and User Credenetials","timestamp":"2020-10-12T11:05:33.830Z"}
{"url":"https://api.lambdatest.com/automation/api/v1/sessions/e3bc90f7-5075-4582-9e85-3b88ce4fb4d4","body":"{\"name\":\"Google Search Function\",\"status_ind\":\"failed\"}","method":"PATCH","headers":{"Authorization":"Basic cHJhdGVla3M6SXVDU2VzRDgzQTdMc1RGekVLUzBMYjZ0enZFZkJRMzhETWtGVEVwdWRhdHh4eHNkakg=","Content-Type":"application/json","Accept":"application/json"},"level":"info","message":"Api request options ","timestamp":"2020-10-12T11:06:11.816Z"}
{"message":"Api response json : Session updated successfully","status":"success","level":"info","timestamp":"2020-10-12T11:06:12.738Z"}
{"username":"prateeks","accessKey":"IuCSesD83A7LsTFzEKS0Lb6tzvEfBQ38DMkFTEpudatxxxsdjH","level":"info","message":"Imported ApiClient and User Credenetials","timestamp":"2020-10-12T11:07:57.060Z"}
{"url":"https://api.lambdatest.com/automation/api/v1/sessions/e5aa7ea6-0131-4884-8c84-dc54e7294cc9","body":"{\"name\":\"Google Search Function\",\"status_ind\":\"failed\"}","method":"PATCH","headers":{"Authorization":"Basic cHJhdGVla3M6SXVDU2VzRDgzQTdMc1RGekVLUzBMYjZ0enZFZkJRMzhETWtGVEVwdWRhdHh4eHNkakg=","Content-Type":"application/json","Accept":"application/json"},"level":"info","message":"Api request options ","timestamp":"2020-10-12T11:08:38.289Z"}
{"message":"Api response json : Session updated successfully","status":"success","level":"info","timestamp":"2020-10-12T11:08:39.263Z"}
{"username":"prateeks","accessKey":"IuCSesD83A7LsTFzEKS0Lb6tzvEfBQ38DMkFTEpudatxxxsdjH","level":"info","message":"Imported ApiClient and User Credenetials","timestamp":"2020-10-12T11:12:50.843Z"}
{"url":"https://api.lambdatest.com/automation/api/v1/sessions/7060edb0-f429-46f3-b1f6-4c525e9743ea","body":"{\"name\":\"Google Search Function\",\"status_ind\":\"failed\"}","method":"PATCH","headers":{"Authorization":"Basic cHJhdGVla3M6SXVDU2VzRDgzQTdMc1RGekVLUzBMYjZ0enZFZkJRMzhETWtGVEVwdWRhdHh4eHNkakg=","Content-Type":"application/json","Accept":"application/json"},"level":"info","message":"Api request options ","timestamp":"2020-10-12T11:13:29.179Z"}
{"message":"Api response json : Session updated successfully","status":"success","level":"info","timestamp":"2020-10-12T11:13:30.274Z"}
{"username":"prateeks","accessKey":"IuCSesD83A7LsTFzEKS0Lb6tzvEfBQ38DMkFTEpudatxxxsdjH","level":"info","message":"Imported ApiClient and User Credenetials","timestamp":"2020-10-12T11:18:41.945Z"}
{"url":"https://api.lambdatest.com/automation/api/v1/sessions/17d48462-d4cf-491c-a25c-34b6a38e0f44","body":"{\"name\":\"Google Search Function\",\"status_ind\":\"failed\"}","method":"PATCH","headers":{"Authorization":"Basic cHJhdGVla3M6SXVDU2VzRDgzQTdMc1RGekVLUzBMYjZ0enZFZkJRMzhETWtGVEVwdWRhdHh4eHNkakg=","Content-Type":"application/json","Accept":"application/json"},"level":"info","message":"Api request options ","timestamp":"2020-10-12T11:19:17.887Z"}
{"message":"Api response json : Session updated successfully","status":"success","level":"info","timestamp":"2020-10-12T11:19:19.021Z"}
{"username":"prateeks","accessKey":"IuCSesD83A7LsTFzEKS0Lb6tzvEfBQ38DMkFTEpudatxxxsdjH","level":"info","message":"Imported ApiClient and User Credenetials","timestamp":"2020-10-12T11:20:45.746Z"}
{"url":"https://api.lambdatest.com/automation/api/v1/sessions/bfc6f1bf-c0f1-4689-8f83-74a0917b4b7f","body":"{\"name\":\"Google Search Function\",\"status_ind\":\"failed\"}","method":"PATCH","headers":{"Authorization":"Basic cHJhdGVla3M6SXVDU2VzRDgzQTdMc1RGekVLUzBMYjZ0enZFZkJRMzhETWtGVEVwdWRhdHh4eHNkakg=","Content-Type":"application/json","Accept":"application/json"},"level":"info","message":"Api request options ","timestamp":"2020-10-12T11:21:26.004Z"}
{"message":"Api response json : Session updated successfully","status":"success","level":"info","timestamp":"2020-10-12T11:21:27.124Z"}
{"username":"prateeks","accessKey":"IuCSesD83A7LsTFzEKS0Lb6tzvEfBQ38DMkFTEpudatxxxsdjH","level":"info","message":"Imported ApiClient and User Credenetials","timestamp":"2020-10-12T11:24:09.158Z"}
{"url":"https://api.lambdatest.com/automation/api/v1/sessions/8e69ab8c-af2c-48ad-93af-570b28331a5e","body":"{\"name\":\"Google Search Function\",\"status_ind\":\"failed\"}","method":"PATCH","headers":{"Authorization":"Basic cHJhdGVla3M6SXVDU2VzRDgzQTdMc1RGekVLUzBMYjZ0enZFZkJRMzhETWtGVEVwdWRhdHh4eHNkakg=","Content-Type":"application/json","Accept":"application/json"},"level":"info","message":"Api request options ","timestamp":"2020-10-12T11:24:46.797Z"}
{"message":"Api response json : Session updated successfully","status":"success","level":"info","timestamp":"2020-10-12T11:24:47.906Z"}
{"username":"prateeks","accessKey":"IuCSesD83A7LsTFzEKS0Lb6tzvEfBQ38DMkFTEpudatxxxsdjH","level":"info","message":"Imported ApiClient and User Credenetials","timestamp":"2020-10-12T11:26:25.251Z"}
{"url":"https://api.lambdatest.com/automation/api/v1/sessions/5520a2be-e276-4246-8e41-d78b0fa7d323","body":"{\"name\":\"Google Search Function\",\"status_ind\":\"failed\"}","method":"PATCH","headers":{"Authorization":"Basic cHJhdGVla3M6SXVDU2VzRDgzQTdMc1RGekVLUzBMYjZ0enZFZkJRMzhETWtGVEVwdWRhdHh4eHNkakg=","Content-Type":"application/json","Accept":"application/json"},"level":"info","message":"Api request options ","timestamp":"2020-10-12T11:27:06.705Z"}
{"message":"Api response json : Session updated successfully","status":"success","level":"info","timestamp":"2020-10-12T11:27:08.144Z"}
{"username":"prateeks","accessKey":"IuCSesD83A7LsTFzEKS0Lb6tzvEfBQ38DMkFTEpudatxxxsdjH","level":"info","message":"Imported ApiClient and User Credenetials","timestamp":"2020-10-12T11:31:00.056Z"}
{"url":"https://api.lambdatest.com/automation/api/v1/sessions/55abebcb-d8f0-4591-8d3a-d403ff57c104","body":"{\"name\":\"Google Search Function\",\"status_ind\":\"failed\"}","method":"PATCH","headers":{"Authorization":"Basic cHJhdGVla3M6SXVDU2VzRDgzQTdMc1RGekVLUzBMYjZ0enZFZkJRMzhETWtGVEVwdWRhdHh4eHNkakg=","Content-Type":"application/json","Accept":"application/json"},"level":"info","message":"Api request options ","timestamp":"2020-10-12T11:31:40.543Z"}
{"message":"Api response json : Session updated successfully","status":"success","level":"info","timestamp":"2020-10-12T11:31:41.683Z"}
{"username":"prateeks","accessKey":"IuCSesD83A7LsTFzEKS0Lb6tzvEfBQ38DMkFTEpudatxxxsdjH","level":"info","message":"Imported ApiClient and User Credenetials","timestamp":"2020-10-12T11:32:37.746Z"}
{"url":"https://api.lambdatest.com/automation/api/v1/sessions/90be1582-1c15-43e6-ab25-2d2576edbcd0","body":"{\"name\":\"Google Search Function\",\"status_ind\":\"failed\"}","method":"PATCH","headers":{"Authorization":"Basic cHJhdGVla3M6SXVDU2VzRDgzQTdMc1RGekVLUzBMYjZ0enZFZkJRMzhETWtGVEVwdWRhdHh4eHNkakg=","Content-Type":"application/json","Accept":"application/json"},"level":"info","message":"Api request options ","timestamp":"2020-10-12T11:33:14.828Z"}
{"message":"Api response json : Session updated successfully","status":"success","level":"info","timestamp":"2020-10-12T11:33:15.963Z"}
{"username":"prateeks","accessKey":"IuCSesD83A7LsTFzEKS0Lb6tzvEfBQ38DMkFTEpudatxxxsdjH","level":"info","message":"Imported ApiClient and User Credenetials","timestamp":"2020-10-12T11:34:29.752Z"}
{"url":"https://api.lambdatest.com/automation/api/v1/sessions/03e6e30f-2841-4f45-9cd9-c71d636958cf","body":"{\"name\":\"Google Search Function\",\"status_ind\":\"failed\"}","method":"PATCH","headers":{"Authorization":"Basic cHJhdGVla3M6SXVDU2VzRDgzQTdMc1RGekVLUzBMYjZ0enZFZkJRMzhETWtGVEVwdWRhdHh4eHNkakg=","Content-Type":"application/json","Accept":"application/json"},"level":"info","message":"Api request options ","timestamp":"2020-10-12T11:35:05.529Z"}
{"message":"Api response json : Session updated successfully","status":"success","level":"info","timestamp":"2020-10-12T11:35:06.619Z"}
{"username":"prateeks","accessKey":"IuCSesD83A7LsTFzEKS0Lb6tzvEfBQ38DMkFTEpudatxxxsdjH","level":"info","message":"Imported ApiClient and User Credenetials","timestamp":"2020-10-12T11:41:20.274Z"}
{"username":"prateeks","accessKey":"IuCSesD83A7LsTFzEKS0Lb6tzvEfBQ38DMkFTEpudatxxxsdjH","level":"info","message":"Imported ApiClient and User Credenetials","timestamp":"2020-10-12T11:43:07.164Z"}
{"username":"prateeks","accessKey":"IuCSesD83A7LsTFzEKS0Lb6tzvEfBQ38DMkFTEpudatxxxsdjH","level":"info","message":"Imported ApiClient and User Credenetials","timestamp":"2020-10-12T11:45:02.611Z"}
{"url":"https://api.lambdatest.com/automation/api/v1/sessions/dac2071e-d523-4221-aea2-afd6c22ea38e","body":"{\"name\":\"Google Search Function\",\"status_ind\":\"failed\"}","method":"PATCH","headers":{"Authorization":"Basic cHJhdGVla3M6SXVDU2VzRDgzQTdMc1RGekVLUzBMYjZ0enZFZkJRMzhETWtGVEVwdWRhdHh4eHNkakg=","Content-Type":"application/json","Accept":"application/json"},"level":"info","message":"Api request options ","timestamp":"2020-10-12T11:45:39.052Z"}
{"message":"Api response json : Session updated successfully","status":"success","level":"info","timestamp":"2020-10-12T11:45:40.156Z"}
{"username":"prateeks","accessKey":"IuCSesD83A7LsTFzEKS0Lb6tzvEfBQ38DMkFTEpudatxxxsdjH","level":"info","message":"Imported ApiClient and User Credenetials","timestamp":"2020-10-12T11:49:46.567Z"}
{"username":"prateeks","accessKey":"IuCSesD83A7LsTFzEKS0Lb6tzvEfBQ38DMkFTEpudatxxxsdjH","level":"info","message":"Imported ApiClient and User Credenetials","timestamp":"2020-10-12T11:50:51.978Z"}
{"username":"prateeks","accessKey":"IuCSesD83A7LsTFzEKS0Lb6tzvEfBQ38DMkFTEpudatxxxsdjH","level":"info","message":"Imported ApiClient and User Credenetials","timestamp":"2020-10-12T11:52:00.836Z"}
{"username":"prateeks","accessKey":"IuCSesD83A7LsTFzEKS0Lb6tzvEfBQ38DMkFTEpudatxxxsdjH","level":"info","message":"Imported ApiClient and User Credenetials","timestamp":"2020-10-12T11:55:25.640Z"}
{"username":"prateeks","accessKey":"IuCSesD83A7LsTFzEKS0Lb6tzvEfBQ38DMkFTEpudatxxxsdjH","level":"info","message":"Imported ApiClient and User Credenetials","timestamp":"2020-10-12T11:59:05.214Z"}
{"username":"prateeks","accessKey":"IuCSesD83A7LsTFzEKS0Lb6tzvEfBQ38DMkFTEpudatxxxsdjH","level":"info","message":"Imported ApiClient and User Credenetials","timestamp":"2020-10-12T11:59:32.065Z"}
{"url":"https://api.lambdatest.com/automation/api/v1/sessions/73fa2ee3-4e79-478b-92b6-c1b71dc56435","body":"{\"name\":\"Google Search Function\",\"status_ind\":\"failed\"}","method":"PATCH","headers":{"Authorization":"Basic cHJhdGVla3M6SXVDU2VzRDgzQTdMc1RGekVLUzBMYjZ0enZFZkJRMzhETWtGVEVwdWRhdHh4eHNkakg=","Content-Type":"application/json","Accept":"application/json"},"level":"info","message":"Api request options ","timestamp":"2020-10-12T12:00:02.881Z"}
{"message":"Api response json : Session updated successfully","status":"success","level":"info","timestamp":"2020-10-12T12:00:04.174Z"}
{"username":"prateeks","accessKey":"IuCSesD83A7LsTFzEKS0Lb6tzvEfBQ38DMkFTEpudatxxxsdjH","level":"info","message":"Imported ApiClient and User Credenetials","timestamp":"2020-10-12T12:08:07.869Z"}
{"url":"https://api.lambdatest.com/automation/api/v1/sessions/156a65e0-1678-4969-be81-30a372392f5f","body":"{\"name\":\"Google Search Function\",\"status_ind\":\"failed\"}","method":"PATCH","headers":{"Authorization":"Basic cHJhdGVla3M6SXVDU2VzRDgzQTdMc1RGekVLUzBMYjZ0enZFZkJRMzhETWtGVEVwdWRhdHh4eHNkakg=","Content-Type":"application/json","Accept":"application/json"},"level":"info","message":"Api request options ","timestamp":"2020-10-12T12:08:42.057Z"}
{"message":"Api response json : Session updated successfully","status":"success","level":"info","timestamp":"2020-10-12T12:08:43.174Z"}
{"username":"prateeks","accessKey":"IuCSesD83A7LsTFzEKS0Lb6tzvEfBQ38DMkFTEpudatxxxsdjH","level":"info","message":"Imported ApiClient and User Credenetials","timestamp":"2020-10-12T12:09:38.755Z"}
{"url":"https://api.lambdatest.com/automation/api/v1/sessions/ec225c0c-5f1c-47fb-b86a-406a72af11ec","body":"{\"name\":\"Google Search Function\",\"status_ind\":\"failed\"}","method":"PATCH","headers":{"Authorization":"Basic cHJhdGVla3M6SXVDU2VzRDgzQTdMc1RGekVLUzBMYjZ0enZFZkJRMzhETWtGVEVwdWRhdHh4eHNkakg=","Content-Type":"application/json","Accept":"application/json"},"level":"info","message":"Api request options ","timestamp":"2020-10-12T12:10:13.598Z"}
{"message":"Api response json : Session updated successfully","status":"success","level":"info","timestamp":"2020-10-12T12:10:14.591Z"}
{"username":"prateeks","accessKey":"IuCSesD83A7LsTFzEKS0Lb6tzvEfBQ38DMkFTEpudatxxxsdjH","level":"info","message":"Imported ApiClient and User Credenetials","timestamp":"2020-10-12T12:11:15.371Z"}
{"url":"https://api.lambdatest.com/automation/api/v1/sessions/0d8537ae-eda1-4877-b595-55b3027e7f67","body":"{\"name\":\"Google Search Function\",\"status_ind\":\"failed\"}","method":"PATCH","headers":{"Authorization":"Basic cHJhdGVla3M6SXVDU2VzRDgzQTdMc1RGekVLUzBMYjZ0enZFZkJRMzhETWtGVEVwdWRhdHh4eHNkakg=","Content-Type":"application/json","Accept":"application/json"},"level":"info","message":"Api request options ","timestamp":"2020-10-12T12:11:46.384Z"}
{"message":"Api response json : Session updated successfully","status":"success","level":"info","timestamp":"2020-10-12T12:11:47.414Z"}
{"username":"prateeks","accessKey":"IuCSesD83A7LsTFzEKS0Lb6tzvEfBQ38DMkFTEpudatxxxsdjH","level":"info","message":"Imported ApiClient and User Credenetials","timestamp":"2020-10-12T12:12:12.482Z"}
{"url":"https://api.lambdatest.com/automation/api/v1/sessions/d56b3d6d-7929-4d75-880f-e0ad29378a5d","body":"{\"name\":\"Google Search Function\",\"status_ind\":\"failed\"}","method":"PATCH","headers":{"Authorization":"Basic cHJhdGVla3M6SXVDU2VzRDgzQTdMc1RGekVLUzBMYjZ0enZFZkJRMzhETWtGVEVwdWRhdHh4eHNkakg=","Content-Type":"application/json","Accept":"application/json"},"level":"info","message":"Api request options ","timestamp":"2020-10-12T12:12:41.573Z"}
{"message":"Api response json : Session updated successfully","status":"success","level":"info","timestamp":"2020-10-12T12:12:42.479Z"}
{"username":"prateeks","accessKey":"IuCSesD83A7LsTFzEKS0Lb6tzvEfBQ38DMkFTEpudatxxxsdjH","level":"info","message":"Imported ApiClient and User Credenetials","timestamp":"2020-10-12T12:13:21.821Z"}
{"url":"https://api.lambdatest.com/automation/api/v1/sessions/d99a550b-f591-42e5-83e6-b260b9d6db81","body":"{\"name\":\"Google Search Function\",\"status_ind\":\"failed\"}","method":"PATCH","headers":{"Authorization":"Basic cHJhdGVla3M6SXVDU2VzRDgzQTdMc1RGekVLUzBMYjZ0enZFZkJRMzhETWtGVEVwdWRhdHh4eHNkakg=","Content-Type":"application/json","Accept":"application/json"},"level":"info","message":"Api request options ","timestamp":"2020-10-12T12:13:58.258Z"}
{"message":"Api response json : Session updated successfully","status":"success","level":"info","timestamp":"2020-10-12T12:13:59.218Z"}
{"username":"prateeks","accessKey":"IuCSesD83A7LsTFzEKS0Lb6tzvEfBQ38DMkFTEpudatxxxsdjH","level":"info","message":"Imported ApiClient and User Credenetials","timestamp":"2020-10-12T12:17:42.244Z"}
{"url":"https://api.lambdatest.com/automation/api/v1/sessions/d30f8f08-9061-4489-8235-c44f9de36eaa","body":"{\"name\":\"Google Search Function\",\"status_ind\":\"failed\"}","method":"PATCH","headers":{"Authorization":"Basic cHJhdGVla3M6SXVDU2VzRDgzQTdMc1RGekVLUzBMYjZ0enZFZkJRMzhETWtGVEVwdWRhdHh4eHNkakg=","Content-Type":"application/json","Accept":"application/json"},"level":"info","message":"Api request options ","timestamp":"2020-10-12T12:18:16.168Z"}
{"username":"prateeks","accessKey":"IuCSesD83A7LsTFzEKS0Lb6tzvEfBQ38DMkFTEpudatxxxsdjH","level":"info","message":"Imported ApiClient and User Credenetials","timestamp":"2020-10-12T12:48:42.270Z"}
{"url":"https://api.lambdatest.com/automation/api/v1/sessions/3b67bdd7-38a3-4216-99bd-0e7b3b96f672","body":"{\"name\":\"Google Search Function\",\"status_ind\":\"failed\"}","method":"PATCH","headers":{"Authorization":"Basic cHJhdGVla3M6SXVDU2VzRDgzQTdMc1RGekVLUzBMYjZ0enZFZkJRMzhETWtGVEVwdWRhdHh4eHNkakg=","Content-Type":"application/json","Accept":"application/json"},"level":"info","message":"Api request options ","timestamp":"2020-10-12T12:49:13.222Z"}
{"message":"Api response json : Session updated successfully","status":"success","level":"info","timestamp":"2020-10-12T12:49:14.404Z"}
{"username":"prateeks","accessKey":"IuCSesD83A7LsTFzEKS0Lb6tzvEfBQ38DMkFTEpudatxxxsdjH","level":"info","message":"Imported ApiClient and User Credenetials","timestamp":"2020-10-12T12:56:30.118Z"}
{"url":"https://api.lambdatest.com/automation/api/v1/sessions/a735da6a-f48e-4989-aa2b-e86a08b03251","body":"{\"name\":\"Google Search Function\",\"status_ind\":\"failed\"}","method":"PATCH","headers":{"Authorization":"Basic cHJhdGVla3M6SXVDU2VzRDgzQTdMc1RGekVLUzBMYjZ0enZFZkJRMzhETWtGVEVwdWRhdHh4eHNkakg=","Content-Type":"application/json","Accept":"application/json"},"level":"info","message":"Api request options ","timestamp":"2020-10-12T12:57:01.876Z"}
{"message":"Api response json : Session updated successfully","status":"success","level":"info","timestamp":"2020-10-12T12:57:02.988Z"}
{"username":"prateeks","accessKey":"IuCSesD83A7LsTFzEKS0Lb6tzvEfBQ38DMkFTEpudatxxxsdjH","level":"info","message":"Imported ApiClient and User Credenetials","timestamp":"2020-10-12T12:57:56.947Z"}
{"url":"https://api.lambdatest.com/automation/api/v1/sessions/c39bb15d-9852-4183-827c-01eb6d28fbde","body":"{\"name\":\"Google Search Function\",\"status_ind\":\"failed\"}","method":"PATCH","headers":{"Authorization":"Basic cHJhdGVla3M6SXVDU2VzRDgzQTdMc1RGekVLUzBMYjZ0enZFZkJRMzhETWtGVEVwdWRhdHh4eHNkakg=","Content-Type":"application/json","Accept":"application/json"},"level":"info","message":"Api request options ","timestamp":"2020-10-12T12:58:31.529Z"}
{"message":"Api response json : Session updated successfully","status":"success","level":"info","timestamp":"2020-10-12T12:58:32.639Z"}
{"username":"prateeks","accessKey":"IuCSesD83A7LsTFzEKS0Lb6tzvEfBQ38DMkFTEpudatxxxsdjH","level":"info","message":"Imported ApiClient and User Credenetials","timestamp":"2020-10-12T13:52:13.293Z"}
{"url":"https://api.lambdatest.com/automation/api/v1/sessions/661befb6-9b9a-42dc-a7cf-439ce795b0b7","body":"{\"name\":\"Google Search Function\",\"status_ind\":\"failed\"}","method":"PATCH","headers":{"Authorization":"Basic cHJhdGVla3M6SXVDU2VzRDgzQTdMc1RGekVLUzBMYjZ0enZFZkJRMzhETWtGVEVwdWRhdHh4eHNkakg=","Content-Type":"application/json","Accept":"application/json"},"level":"info","message":"Api request options ","timestamp":"2020-10-12T13:52:51.924Z"}
{"message":"Api response json : Session updated successfully","status":"success","level":"info","timestamp":"2020-10-12T13:52:53.099Z"}
{"username":"prateeks","accessKey":"IuCSesD83A7LsTFzEKS0Lb6tzvEfBQ38DMkFTEpudatxxxsdjH","level":"info","message":"Imported ApiClient and User Credenetials","timestamp":"2020-10-12T14:18:47.657Z"}
{"url":"https://api.lambdatest.com/automation/api/v1/sessions/c0d3a0e0-1195-4b7c-80b3-e23c34c11132","body":"{\"name\":\"Google Search Function\",\"status_ind\":\"failed\"}","method":"PATCH","headers":{"Authorization":"Basic cHJhdGVla3M6SXVDU2VzRDgzQTdMc1RGekVLUzBMYjZ0enZFZkJRMzhETWtGVEVwdWRhdHh4eHNkakg=","Content-Type":"application/json","Accept":"application/json"},"level":"info","message":"Api request options ","timestamp":"2020-10-12T14:19:25.305Z"}
{"message":"Api response json : Session updated successfully","status":"success","level":"info","timestamp":"2020-10-12T14:19:26.428Z"}
{"username":"prateeks","accessKey":"IuCSesD83A7LsTFzEKS0Lb6tzvEfBQ38DMkFTEpudatxxxsdjH","level":"info","message":"Imported ApiClient and User Credenetials","timestamp":"2020-10-12T14:20:00.716Z"}
{"url":"https://api.lambdatest.com/automation/api/v1/sessions/d132d33c-392b-4439-a36e-9ecbe44905db","body":"{\"name\":\"Google Search Function\",\"status_ind\":\"failed\"}","method":"PATCH","headers":{"Authorization":"Basic cHJhdGVla3M6SXVDU2VzRDgzQTdMc1RGekVLUzBMYjZ0enZFZkJRMzhETWtGVEVwdWRhdHh4eHNkakg=","Content-Type":"application/json","Accept":"application/json"},"level":"info","message":"Api request options ","timestamp":"2020-10-12T14:20:38.991Z"}
{"message":"Api response json : Session updated successfully","status":"success","level":"info","timestamp":"2020-10-12T14:20:40.008Z"}
{"username":"prateeks","accessKey":"IuCSesD83A7LsTFzEKS0Lb6tzvEfBQ38DMkFTEpudatxxxsdjH","level":"info","message":"Imported ApiClient and User Credenetials","timestamp":"2020-10-12T14:21:38.322Z"}
{"url":"https://api.lambdatest.com/automation/api/v1/sessions/52c4a8c2-3f1e-46aa-a2d6-69e4da5d8c89","body":"{\"name\":\"Google Search Function\",\"status_ind\":\"failed\"}","method":"PATCH","headers":{"Authorization":"Basic cHJhdGVla3M6SXVDU2VzRDgzQTdMc1RGekVLUzBMYjZ0enZFZkJRMzhETWtGVEVwdWRhdHh4eHNkakg=","Content-Type":"application/json","Accept":"application/json"},"level":"info","message":"Api request options ","timestamp":"2020-10-12T14:22:16.181Z"}
{"message":"Api response json : Session updated successfully","status":"success","level":"info","timestamp":"2020-10-12T14:22:17.288Z"}
{"username":"prateeks","accessKey":"IuCSesD83A7LsTFzEKS0Lb6tzvEfBQ38DMkFTEpudatxxxsdjH","level":"info","message":"Imported ApiClient and User Credenetials","timestamp":"2020-10-12T14:23:15.631Z"}
{"url":"https://api.lambdatest.com/automation/api/v1/sessions/6c976661-503f-448d-8919-da5a581d94eb","body":"{\"name\":\"Google Search Function\",\"status_ind\":\"failed\"}","method":"PATCH","headers":{"Authorization":"Basic cHJhdGVla3M6SXVDU2VzRDgzQTdMc1RGekVLUzBMYjZ0enZFZkJRMzhETWtGVEVwdWRhdHh4eHNkakg=","Content-Type":"application/json","Accept":"application/json"},"level":"info","message":"Api request options ","timestamp":"2020-10-12T14:23:53.455Z"}
{"message":"Api response json : Session updated successfully","status":"success","level":"info","timestamp":"2020-10-12T14:23:54.575Z"}
{"username":"prateeks","accessKey":"IuCSesD83A7LsTFzEKS0Lb6tzvEfBQ38DMkFTEpudatxxxsdjH","level":"info","message":"Imported ApiClient and User Credenetials","timestamp":"2020-10-16T08:26:46.463Z"}
{"url":"https://api.lambdatest.com/automation/api/v1/sessions/4324fd15-2dd4-4bff-94ee-25ac066312be","body":"{\"name\":\"Lambdatest Demo Test\",\"status_ind\":\"failed\"}","method":"PATCH","headers":{"Authorization":"Basic cHJhdGVla3M6SXVDU2VzRDgzQTdMc1RGekVLUzBMYjZ0enZFZkJRMzhETWtGVEVwdWRhdHh4eHNkakg=","Content-Type":"application/json","Accept":"application/json"},"level":"info","message":"Api request options ","timestamp":"2020-10-16T08:27:23.426Z"}
{"message":"Api response json : Session updated successfully","status":"success","level":"info","timestamp":"2020-10-16T08:27:24.432Z"}
{"username":"prateeks","accessKey":"IuCSesD83A7LsTFzEKS0Lb6tzvEfBQ38DMkFTEpudatxxxsdjH","level":"info","message":"Imported ApiClient and User Credenetials","timestamp":"2020-10-16T08:30:24.648Z"}
{"url":"https://api.lambdatest.com/automation/api/v1/sessions/d02a5ad8-5c0e-4534-9a9b-2a267e194772","body":"{\"name\":\"Lambdatest Demo Test\",\"status_ind\":\"failed\"}","method":"PATCH","headers":{"Authorization":"Basic cHJhdGVla3M6SXVDU2VzRDgzQTdMc1RGekVLUzBMYjZ0enZFZkJRMzhETWtGVEVwdWRhdHh4eHNkakg=","Content-Type":"application/json","Accept":"application/json"},"level":"info","message":"Api request options ","timestamp":"2020-10-16T08:30:58.216Z"}
{"message":"Api response json : Session updated successfully","status":"success","level":"info","timestamp":"2020-10-16T08:30:59.420Z"}
{"username":"prateeks","accessKey":"IuCSesD83A7LsTFzEKS0Lb6tzvEfBQ38DMkFTEpudatxxxsdjH","level":"info","message":"Imported ApiClient and User Credenetials","timestamp":"2020-10-16T08:55:28.710Z"}
{"username":"prateeks","accessKey":"IuCSesD83A7LsTFzEKS0Lb6tzvEfBQ38DMkFTEpudatxxxsdjH","level":"info","message":"Imported ApiClient and User Credenetials","timestamp":"2020-10-16T08:56:32.645Z"}
{"username":"prateeks","accessKey":"IuCSesD83A7LsTFzEKS0Lb6tzvEfBQ38DMkFTEpudatxxxsdjH","level":"info","message":"Imported ApiClient and User Credenetials","timestamp":"2020-10-16T08:57:01.086Z"}
{"username":"prateeks","accessKey":"IuCSesD83A7LsTFzEKS0Lb6tzvEfBQ38DMkFTEpudatxxxsdjH","level":"info","message":"Imported ApiClient and User Credenetials","timestamp":"2020-10-16T08:57:39.347Z"}
{"url":"https://api.lambdatest.com/automation/api/v1/sessions/d31108f6f3a328aed15aef3f60524221","body":"{\"name\":\"Lambdatest Demo Test\",\"status_ind\":\"failed\"}","method":"PATCH","headers":{"Authorization":"Basic cHJhdGVla3M6SXVDU2VzRDgzQTdMc1RGekVLUzBMYjZ0enZFZkJRMzhETWtGVEVwdWRhdHh4eHNkakg=","Content-Type":"application/json","Accept":"application/json"},"level":"info","message":"Api request options ","timestamp":"2020-10-16T08:57:51.484Z"}
{"message":"Api response json : Session updated successfully","status":"success","level":"info","timestamp":"2020-10-16T08:57:52.594Z"}
{"username":"sam2314","accessKey":"2xyAM24K51xiQJWdNZy3","level":"info","message":"Imported ApiClient and User Credenetials","timestamp":"2020-10-16T08:58:59.434Z"}
{"username":"prateeks","accessKey":"IuCSesD83A7LsTFzEKS0Lb6tzvEfBQ38DMkFTEpudatxxxsdjH","level":"info","message":"Imported ApiClient and User Credenetials","timestamp":"2020-10-16T10:37:21.828Z"}
{"url":"https://api.lambdatest.com/automation/api/v1/sessions/deec610b-c631-4e62-ab0d-c243580183ff","body":"{\"name\":\"Google Search Function\",\"status_ind\":\"failed\"}","method":"PATCH","headers":{"Authorization":"Basic cHJhdGVla3M6SXVDU2VzRDgzQTdMc1RGekVLUzBMYjZ0enZFZkJRMzhETWtGVEVwdWRhdHh4eHNkakg=","Content-Type":"application/json","Accept":"application/json"},"level":"info","message":"Api request options ","timestamp":"2020-10-16T10:38:04.075Z"}
{"message":"Api response json : Session updated successfully","status":"success","level":"info","timestamp":"2020-10-16T10:38:05.290Z"}
{"username":"prateeks","accessKey":"IuCSesD83A7LsTFzEKS0Lb6tzvEfBQ38DMkFTEpudatxxxsdjH","level":"info","message":"Imported ApiClient and User Credenetials","timestamp":"2020-10-16T10:40:18.911Z"}
{"url":"https://api.lambdatest.com/automation/api/v1/sessions/58bc2b88-2f84-47f9-9aaf-61ba87d01756","body":"{\"name\":\"Google Search Function\",\"status_ind\":\"failed\"}","method":"PATCH","headers":{"Authorization":"Basic cHJhdGVla3M6SXVDU2VzRDgzQTdMc1RGekVLUzBMYjZ0enZFZkJRMzhETWtGVEVwdWRhdHh4eHNkakg=","Content-Type":"application/json","Accept":"application/json"},"level":"info","message":"Api request options ","timestamp":"2020-10-16T10:41:03.330Z"}
{"message":"Api response json : Session updated successfully","status":"success","level":"info","timestamp":"2020-10-16T10:41:04.362Z"}
{"username":"prateeks","accessKey":"IuCSesD83A7LsTFzEKS0Lb6tzvEfBQ38DMkFTEpudatxxxsdjH","level":"info","message":"Imported ApiClient and User Credenetials","timestamp":"2020-10-16T10:43:25.135Z"}
{"url":"https://api.lambdatest.com/automation/api/v1/sessions/c65a8669-9397-45d6-88c0-e1981d84a793","body":"{\"name\":\"Google Search Function\",\"status_ind\":\"failed\"}","method":"PATCH","headers":{"Authorization":"Basic cHJhdGVla3M6SXVDU2VzRDgzQTdMc1RGekVLUzBMYjZ0enZFZkJRMzhETWtGVEVwdWRhdHh4eHNkakg=","Content-Type":"application/json","Accept":"application/json"},"level":"info","message":"Api request options ","timestamp":"2020-10-16T10:44:03.345Z"}
{"message":"Api response json : Session updated successfully","status":"success","level":"info","timestamp":"2020-10-16T10:44:04.471Z"}
{"username":"prateeks","accessKey":"IuCSesD83A7LsTFzEKS0Lb6tzvEfBQ38DMkFTEpudatxxxsdjH","level":"info","message":"Imported ApiClient and User Credenetials","timestamp":"2020-10-16T10:46:04.407Z"}
{"url":"https://api.lambdatest.com/automation/api/v1/sessions/1d07973e-989b-4c28-9196-2337edf4e13b","body":"{\"name\":\"Google Search Function\",\"status_ind\":\"failed\"}","method":"PATCH","headers":{"Authorization":"Basic cHJhdGVla3M6SXVDU2VzRDgzQTdMc1RGekVLUzBMYjZ0enZFZkJRMzhETWtGVEVwdWRhdHh4eHNkakg=","Content-Type":"application/json","Accept":"application/json"},"level":"info","message":"Api request options ","timestamp":"2020-10-16T10:46:41.477Z"}
{"message":"Api response json : Session updated successfully","status":"success","level":"info","timestamp":"2020-10-16T10:46:42.593Z"}
{"username":"prateeks","accessKey":"IuCSesD83A7LsTFzEKS0Lb6tzvEfBQ38DMkFTEpudatxxxsdjH","level":"info","message":"Imported ApiClient and User Credenetials","timestamp":"2020-10-16T10:47:16.351Z"}
{"url":"https://api.lambdatest.com/automation/api/v1/sessions/7d5ce4f1-5578-4e13-b418-e9a8471ac92b","body":"{\"name\":\"Google Search Function\",\"status_ind\":\"failed\"}","method":"PATCH","headers":{"Authorization":"Basic cHJhdGVla3M6SXVDU2VzRDgzQTdMc1RGekVLUzBMYjZ0enZFZkJRMzhETWtGVEVwdWRhdHh4eHNkakg=","Content-Type":"application/json","Accept":"application/json"},"level":"info","message":"Api request options ","timestamp":"2020-10-16T10:47:56.071Z"}
{"message":"Api response json : Session updated successfully","status":"success","level":"info","timestamp":"2020-10-16T10:47:57.207Z"}
{"username":"prateeks","accessKey":"IuCSesD83A7LsTFzEKS0Lb6tzvEfBQ38DMkFTEpudatxxxsdjH","level":"info","message":"Imported ApiClient and User Credenetials","timestamp":"2020-10-16T10:49:50.230Z"}
{"url":"https://api.lambdatest.com/automation/api/v1/sessions/9c71fcf9-ebc3-4f08-aead-751e4ca5f590","body":"{\"name\":\"Google Search Function\",\"status_ind\":\"passed\"}","method":"PATCH","headers":{"Authorization":"Basic cHJhdGVla3M6SXVDU2VzRDgzQTdMc1RGekVLUzBMYjZ0enZFZkJRMzhETWtGVEVwdWRhdHh4eHNkakg=","Content-Type":"application/json","Accept":"application/json"},"level":"info","message":"Api request options ","timestamp":"2020-10-16T10:50:24.277Z"}
{"message":"Api response json : Session updated successfully","status":"success","level":"info","timestamp":"2020-10-16T10:50:25.458Z"}
{"username":"prateeks","accessKey":"IuCSesD83A7LsTFzEKS0Lb6tzvEfBQ38DMkFTEpudatxxxsdjH","level":"info","message":"Imported ApiClient and User Credenetials","timestamp":"2020-10-16T10:52:28.856Z"}
{"url":"https://api.lambdatest.com/automation/api/v1/sessions/1d9c41b3-5666-48c5-8982-1bb4c8592b9c","body":"{\"name\":\"Google Search Function\",\"status_ind\":\"failed\"}","method":"PATCH","headers":{"Authorization":"Basic cHJhdGVla3M6SXVDU2VzRDgzQTdMc1RGekVLUzBMYjZ0enZFZkJRMzhETWtGVEVwdWRhdHh4eHNkakg=","Content-Type":"application/json","Accept":"application/json"},"level":"info","message":"Api request options ","timestamp":"2020-10-16T10:53:02.546Z"}
{"message":"Api response json : Session updated successfully","status":"success","level":"info","timestamp":"2020-10-16T10:53:03.674Z"}
{"username":"prateeks","accessKey":"IuCSesD83A7LsTFzEKS0Lb6tzvEfBQ38DMkFTEpudatxxxsdjH","level":"info","message":"Imported ApiClient and User Credenetials","timestamp":"2020-10-16T10:54:13.450Z"}
{"url":"https://api.lambdatest.com/automation/api/v1/sessions/381cc1e8-99b1-4c4a-9512-71360183944a","body":"{\"name\":\"Google Search Function\",\"status_ind\":\"failed\"}","method":"PATCH","headers":{"Authorization":"Basic cHJhdGVla3M6SXVDU2VzRDgzQTdMc1RGekVLUzBMYjZ0enZFZkJRMzhETWtGVEVwdWRhdHh4eHNkakg=","Content-Type":"application/json","Accept":"application/json"},"level":"info","message":"Api request options ","timestamp":"2020-10-16T10:54:47.026Z"}
{"message":"Api response json : Session updated successfully","status":"success","level":"info","timestamp":"2020-10-16T10:54:48.124Z"}
{"username":"prateeks","accessKey":"IuCSesD83A7LsTFzEKS0Lb6tzvEfBQ38DMkFTEpudatxxxsdjH","level":"info","message":"Imported ApiClient and User Credenetials","timestamp":"2020-10-16T11:00:10.368Z"}
{"url":"https://api.lambdatest.com/automation/api/v1/sessions/655f7ace-b9f4-436d-858c-2d8b097cf99a","body":"{\"name\":\"Google Search Function\",\"status_ind\":\"failed\"}","method":"PATCH","headers":{"Authorization":"Basic cHJhdGVla3M6SXVDU2VzRDgzQTdMc1RGekVLUzBMYjZ0enZFZkJRMzhETWtGVEVwdWRhdHh4eHNkakg=","Content-Type":"application/json","Accept":"application/json"},"level":"info","message":"Api request options ","timestamp":"2020-10-16T11:00:47.696Z"}
{"message":"Api response json : Session updated successfully","status":"success","level":"info","timestamp":"2020-10-16T11:00:48.835Z"}
{"username":"prateeks","accessKey":"IuCSesD83A7LsTFzEKS0Lb6tzvEfBQ38DMkFTEpudatxxxsdjH","level":"info","message":"Imported ApiClient and User Credenetials","timestamp":"2020-10-16T11:01:56.387Z"}
{"url":"https://api.lambdatest.com/automation/api/v1/sessions/cb9b5fa5-8ef8-456d-a186-923fa5eefcbc","body":"{\"name\":\"Google Search Function\",\"status_ind\":\"failed\"}","method":"PATCH","headers":{"Authorization":"Basic cHJhdGVla3M6SXVDU2VzRDgzQTdMc1RGekVLUzBMYjZ0enZFZkJRMzhETWtGVEVwdWRhdHh4eHNkakg=","Content-Type":"application/json","Accept":"application/json"},"level":"info","message":"Api request options ","timestamp":"2020-10-16T11:02:33.575Z"}
{"message":"Api response json : Session updated successfully","status":"success","level":"info","timestamp":"2020-10-16T11:02:34.585Z"}
{"username":"prateeks","accessKey":"IuCSesD83A7LsTFzEKS0Lb6tzvEfBQ38DMkFTEpudatxxxsdjH","level":"info","message":"Imported ApiClient and User Credenetials","timestamp":"2020-10-16T11:03:48.083Z"}
{"url":"https://api.lambdatest.com/automation/api/v1/sessions/1c905688-c6cb-410c-8b49-f021f41f1637","body":"{\"name\":\"Google Search Function\",\"status_ind\":\"failed\"}","method":"PATCH","headers":{"Authorization":"Basic cHJhdGVla3M6SXVDU2VzRDgzQTdMc1RGekVLUzBMYjZ0enZFZkJRMzhETWtGVEVwdWRhdHh4eHNkakg=","Content-Type":"application/json","Accept":"application/json"},"level":"info","message":"Api request options ","timestamp":"2020-10-16T11:04:28.478Z"}
{"username":"prateeks","accessKey":"IuCSesD83A7LsTFzEKS0Lb6tzvEfBQ38DMkFTEpudatxxxsdjH","level":"info","message":"Imported ApiClient and User Credenetials","timestamp":"2020-10-16T11:10:35.159Z"}
{"url":"https://api.lambdatest.com/automation/api/v1/sessions/7ff30cff-a4ba-4146-b531-1e05e9832a5a","body":"{\"name\":\"Google Search Function\",\"status_ind\":\"failed\"}","method":"PATCH","headers":{"Authorization":"Basic cHJhdGVla3M6SXVDU2VzRDgzQTdMc1RGekVLUzBMYjZ0enZFZkJRMzhETWtGVEVwdWRhdHh4eHNkakg=","Content-Type":"application/json","Accept":"application/json"},"level":"info","message":"Api request options ","timestamp":"2020-10-16T11:11:12.542Z"}
{"message":"Api response json : Session updated successfully","status":"success","level":"info","timestamp":"2020-10-16T11:11:13.706Z"}
{"username":"prateeks","accessKey":"IuCSesD83A7LsTFzEKS0Lb6tzvEfBQ38DMkFTEpudatxxxsdjH","level":"info","message":"Imported ApiClient and User Credenetials","timestamp":"2020-10-16T11:35:24.403Z"}
{"url":"https://api.lambdatest.com/automation/api/v1/sessions/37038166-b2a6-4c44-a411-2573c7739050","body":"{\"name\":\"Google Search Function\",\"status_ind\":\"failed\"}","method":"PATCH","headers":{"Authorization":"Basic cHJhdGVla3M6SXVDU2VzRDgzQTdMc1RGekVLUzBMYjZ0enZFZkJRMzhETWtGVEVwdWRhdHh4eHNkakg=","Content-Type":"application/json","Accept":"application/json"},"level":"info","message":"Api request options ","timestamp":"2020-10-16T11:36:01.897Z"}
{"message":"Api response json : Session updated successfully","status":"success","level":"info","timestamp":"2020-10-16T11:36:03.218Z"}
{"username":"prateeks","accessKey":"IuCSesD83A7LsTFzEKS0Lb6tzvEfBQ38DMkFTEpudatxxxsdjH","level":"info","message":"Imported ApiClient and User Credenetials","timestamp":"2020-10-16T11:37:50.945Z"}
{"url":"https://api.lambdatest.com/automation/api/v1/sessions/f0118e89-5b19-46a8-93d1-c06260e38dff","body":"{\"name\":\"Google Search Function\",\"status_ind\":\"failed\"}","method":"PATCH","headers":{"Authorization":"Basic cHJhdGVla3M6SXVDU2VzRDgzQTdMc1RGekVLUzBMYjZ0enZFZkJRMzhETWtGVEVwdWRhdHh4eHNkakg=","Content-Type":"application/json","Accept":"application/json"},"level":"info","message":"Api request options ","timestamp":"2020-10-16T11:38:27.673Z"}
{"message":"Api response json : Session updated successfully","status":"success","level":"info","timestamp":"2020-10-16T11:38:28.863Z"}
{"username":"prateeks","accessKey":"IuCSesD83A7LsTFzEKS0Lb6tzvEfBQ38DMkFTEpudatxxxsdjH","level":"info","message":"Imported ApiClient and User Credenetials","timestamp":"2020-10-16T11:49:17.843Z"}
{"url":"https://api.lambdatest.com/automation/api/v1/sessions/17cd8a0ef8b81c401ddf13894bd19ae3","body":"{\"name\":\"Google Search Function\",\"status_ind\":\"failed\"}","method":"PATCH","headers":{"Authorization":"Basic cHJhdGVla3M6SXVDU2VzRDgzQTdMc1RGekVLUzBMYjZ0enZFZkJRMzhETWtGVEVwdWRhdHh4eHNkakg=","Content-Type":"application/json","Accept":"application/json"},"level":"info","message":"Api request options ","timestamp":"2020-10-16T11:49:34.007Z"}
{"message":"Api response json : Session updated successfully","status":"success","level":"info","timestamp":"2020-10-16T11:49:35.142Z"}
{"username":"prateeks","accessKey":"IuCSesD83A7LsTFzEKS0Lb6tzvEfBQ38DMkFTEpudatxxxsdjH","level":"info","message":"Imported ApiClient and User Credenetials","timestamp":"2020-10-16T12:13:21.223Z"}
{"url":"https://api.lambdatest.com/automation/api/v1/sessions/6865ba8b8cf09ff7d69d44373a02a5f1","body":"{\"name\":\"Google Search Function\",\"status_ind\":\"failed\"}","method":"PATCH","headers":{"Authorization":"Basic cHJhdGVla3M6SXVDU2VzRDgzQTdMc1RGekVLUzBMYjZ0enZFZkJRMzhETWtGVEVwdWRhdHh4eHNkakg=","Content-Type":"application/json","Accept":"application/json"},"level":"info","message":"Api request options ","timestamp":"2020-10-16T12:13:43.101Z"}
{"message":"Api response json : Session updated successfully","status":"success","level":"info","timestamp":"2020-10-16T12:13:44.219Z"}
{"username":"prateeks","accessKey":"IuCSesD83A7LsTFzEKS0Lb6tzvEfBQ38DMkFTEpudatxxxsdjH","level":"info","message":"Imported ApiClient and User Credenetials","timestamp":"2020-10-16T13:11:46.204Z"}
{"url":"https://api.lambdatest.com/automation/api/v1/sessions/ce4f911950b7f8346e13442b14960f4f","body":"{\"name\":\"Google Search Function\",\"status_ind\":\"failed\"}","method":"PATCH","headers":{"Authorization":"Basic cHJhdGVla3M6SXVDU2VzRDgzQTdMc1RGekVLUzBMYjZ0enZFZkJRMzhETWtGVEVwdWRhdHh4eHNkakg=","Content-Type":"application/json","Accept":"application/json"},"level":"info","message":"Api request options ","timestamp":"2020-10-16T13:11:59.073Z"}
{"message":"Api response json : Session updated successfully","status":"success","level":"info","timestamp":"2020-10-16T13:12:00.194Z"}
{"username":"prateeks","accessKey":"IuCSesD83A7LsTFzEKS0Lb6tzvEfBQ38DMkFTEpudatxxxsdjH","level":"info","message":"Imported ApiClient and User Credenetials","timestamp":"2020-10-16T13:12:19.631Z"}
{"url":"https://api.lambdatest.com/automation/api/v1/sessions/6744466f507d45dc24a3cfd0214c4efa","body":"{\"name\":\"Google Search Function\",\"status_ind\":\"failed\"}","method":"PATCH","headers":{"Authorization":"Basic cHJhdGVla3M6SXVDU2VzRDgzQTdMc1RGekVLUzBMYjZ0enZFZkJRMzhETWtGVEVwdWRhdHh4eHNkakg=","Content-Type":"application/json","Accept":"application/json"},"level":"info","message":"Api request options ","timestamp":"2020-10-16T13:12:31.764Z"}
{"username":"prateeks","accessKey":"IuCSesD83A7LsTFzEKS0Lb6tzvEfBQ38DMkFTEpudatxxxsdjH","level":"info","message":"Imported ApiClient and User Credenetials","timestamp":"2020-10-16T13:13:19.879Z"}
{"url":"https://api.lambdatest.com/automation/api/v1/sessions/1ea328159a392108066ae01d8702f02c","body":"{\"name\":\"Google Search Function\",\"status_ind\":\"failed\"}","method":"PATCH","headers":{"Authorization":"Basic cHJhdGVla3M6SXVDU2VzRDgzQTdMc1RGekVLUzBMYjZ0enZFZkJRMzhETWtGVEVwdWRhdHh4eHNkakg=","Content-Type":"application/json","Accept":"application/json"},"level":"info","message":"Api request options ","timestamp":"2020-10-16T13:13:40.042Z"}
{"message":"Api response json : Session updated successfully","status":"success","level":"info","timestamp":"2020-10-16T13:13:41.200Z"}
{"username":"prateeks","accessKey":"IuCSesD83A7LsTFzEKS0Lb6tzvEfBQ38DMkFTEpudatxxxsdjH","level":"info","message":"Imported ApiClient and User Credenetials","timestamp":"2020-10-16T13:14:00.386Z"}
{"url":"https://api.lambdatest.com/automation/api/v1/sessions/04f4ca1c4f696bcf2809e71af1b19650","body":"{\"name\":\"Google Search Function\",\"status_ind\":\"failed\"}","method":"PATCH","headers":{"Authorization":"Basic cHJhdGVla3M6SXVDU2VzRDgzQTdMc1RGekVLUzBMYjZ0enZFZkJRMzhETWtGVEVwdWRhdHh4eHNkakg=","Content-Type":"application/json","Accept":"application/json"},"level":"info","message":"Api request options ","timestamp":"2020-10-16T13:14:12.619Z"}
{"message":"Api response json : Session updated successfully","status":"success","level":"info","timestamp":"2020-10-16T13:14:13.732Z"}
{"username":"prateeks","accessKey":"IuCSesD83A7LsTFzEKS0Lb6tzvEfBQ38DMkFTEpudatxxxsdjH","level":"info","message":"Imported ApiClient and User Credenetials","timestamp":"2020-10-16T13:14:34.487Z"}
{"url":"https://api.lambdatest.com/automation/api/v1/sessions/d2464f1d0c2e7b69a3d3d56143be9166","body":"{\"name\":\"Google Search Function\",\"status_ind\":\"failed\"}","method":"PATCH","headers":{"Authorization":"Basic cHJhdGVla3M6SXVDU2VzRDgzQTdMc1RGekVLUzBMYjZ0enZFZkJRMzhETWtGVEVwdWRhdHh4eHNkakg=","Content-Type":"application/json","Accept":"application/json"},"level":"info","message":"Api request options ","timestamp":"2020-10-16T13:14:51.872Z"}
{"message":"Api response json : Session updated successfully","status":"success","level":"info","timestamp":"2020-10-16T13:14:52.974Z"}
{"username":"prateeks","accessKey":"IuCSesD83A7LsTFzEKS0Lb6tzvEfBQ38DMkFTEpudatxxxsdjH","level":"info","message":"Imported ApiClient and User Credenetials","timestamp":"2020-10-16T13:15:09.760Z"}
{"url":"https://api.lambdatest.com/automation/api/v1/sessions/9ad9a797b72e6a70d8a9cf231c40ec25","body":"{\"name\":\"Google Search Function\",\"status_ind\":\"passed\"}","method":"PATCH","headers":{"Authorization":"Basic cHJhdGVla3M6SXVDU2VzRDgzQTdMc1RGekVLUzBMYjZ0enZFZkJRMzhETWtGVEVwdWRhdHh4eHNkakg=","Content-Type":"application/json","Accept":"application/json"},"level":"info","message":"Api request options ","timestamp":"2020-10-16T13:15:26.195Z"}
{"message":"Api response json : Session updated successfully","status":"success","level":"info","timestamp":"2020-10-16T13:15:27.310Z"}
{"username":"prateeks","accessKey":"IuCSesD83A7LsTFzEKS0Lb6tzvEfBQ38DMkFTEpudatxxxsdjH","level":"info","message":"Imported ApiClient and User Credenetials","timestamp":"2020-10-16T13:16:01.328Z"}
{"url":"https://api.lambdatest.com/automation/api/v1/sessions/ce3364c8-d650-457d-98d4-cd71b12e1cc7","body":"{\"name\":\"Google Search Function\",\"status_ind\":\"failed\"}","method":"PATCH","headers":{"Authorization":"Basic cHJhdGVla3M6SXVDU2VzRDgzQTdMc1RGekVLUzBMYjZ0enZFZkJRMzhETWtGVEVwdWRhdHh4eHNkakg=","Content-Type":"application/json","Accept":"application/json"},"level":"info","message":"Api request options ","timestamp":"2020-10-16T13:16:33.808Z"}
{"message":"Api response json : Session updated successfully","status":"success","level":"info","timestamp":"2020-10-16T13:16:34.928Z"}
{"username":"prateeks","accessKey":"IuCSesD83A7LsTFzEKS0Lb6tzvEfBQ38DMkFTEpudatxxxsdjH","level":"info","message":"Imported ApiClient and User Credenetials","timestamp":"2020-10-16T13:21:41.950Z"}
{"url":"https://api.lambdatest.com/automation/api/v1/sessions/85f6d752-346f-412a-a882-9b75dc732735","body":"{\"name\":\"Google Search Function\",\"status_ind\":\"failed\"}","method":"PATCH","headers":{"Authorization":"Basic cHJhdGVla3M6SXVDU2VzRDgzQTdMc1RGekVLUzBMYjZ0enZFZkJRMzhETWtGVEVwdWRhdHh4eHNkakg=","Content-Type":"application/json","Accept":"application/json"},"level":"info","message":"Api request options ","timestamp":"2020-10-16T13:22:13.833Z"}
{"message":"Api response json : Session updated successfully","status":"success","level":"info","timestamp":"2020-10-16T13:22:14.924Z"}
{"username":"prateeks","accessKey":"IuCSesD83A7LsTFzEKS0Lb6tzvEfBQ38DMkFTEpudatxxxsdjH","level":"info","message":"Imported ApiClient and User Credenetials","timestamp":"2020-10-16T13:27:59.065Z"}
{"url":"https://api.lambdatest.com/automation/api/v1/sessions/a9706d0b-8669-4c65-ba34-833eac8e7c93","body":"{\"name\":\"Google Search Function\",\"status_ind\":\"failed\"}","method":"PATCH","headers":{"Authorization":"Basic cHJhdGVla3M6SXVDU2VzRDgzQTdMc1RGekVLUzBMYjZ0enZFZkJRMzhETWtGVEVwdWRhdHh4eHNkakg=","Content-Type":"application/json","Accept":"application/json"},"level":"info","message":"Api request options ","timestamp":"2020-10-16T13:28:31.425Z"}
{"message":"Api response json : Session updated successfully","status":"success","level":"info","timestamp":"2020-10-16T13:28:32.546Z"}
{"username":"prateeks","accessKey":"IuCSesD83A7LsTFzEKS0Lb6tzvEfBQ38DMkFTEpudatxxxsdjH","level":"info","message":"Imported ApiClient and User Credenetials","timestamp":"2020-10-16T14:05:56.497Z"}
{"url":"https://api.lambdatest.com/automation/api/v1/sessions/6bf31705-1675-4e85-ae81-05d84081f9de","body":"{\"name\":\"Google Search Function\",\"status_ind\":\"failed\"}","method":"PATCH","headers":{"Authorization":"Basic cHJhdGVla3M6SXVDU2VzRDgzQTdMc1RGekVLUzBMYjZ0enZFZkJRMzhETWtGVEVwdWRhdHh4eHNkakg=","Content-Type":"application/json","Accept":"application/json"},"level":"info","message":"Api request options ","timestamp":"2020-10-16T14:06:29.247Z"}
{"message":"Api response json : Session updated successfully","status":"success","level":"info","timestamp":"2020-10-16T14:06:30.371Z"}
{"username":"prateeks","accessKey":"IuCSesD83A7LsTFzEKS0Lb6tzvEfBQ38DMkFTEpudatxxxsdjH","level":"info","message":"Imported ApiClient and User Credenetials","timestamp":"2020-10-26T14:00:10.555Z"}
{"url":"https://api.lambdatest.com/automation/api/v1/sessions/dbc1b4a7-904f-474f-9a18-64f814a767d0","body":"{\"name\":\"Google Search Function\",\"status_ind\":\"failed\"}","method":"PATCH","headers":{"Authorization":"Basic cHJhdGVla3M6SXVDU2VzRDgzQTdMc1RGekVLUzBMYjZ0enZFZkJRMzhETWtGVEVwdWRhdHh4eHNkakg=","Content-Type":"application/json","Accept":"application/json"},"level":"info","message":"Api request options ","timestamp":"2020-10-26T14:00:45.633Z"}
{"message":"Api response json : Session updated successfully","status":"success","level":"info","timestamp":"2020-10-26T14:00:46.772Z"}
{"username":"prateek.delguy","accessKey":"9DjIGDAUAnyqaNELLFGeGyLCcdW2W4diRXje0U5yaHr8nAReqE","level":"info","message":"Imported ApiClient and User Credenetials","timestamp":"2020-10-26T21:43:32.658Z"}
{"username":"prateek.delguy","accessKey":"9DjIGDAUAnyqaNELLFGeGyLCcdW2W4diRXje0U5yaHr8nAReqE","level":"info","message":"Imported ApiClient and User Credenetials","timestamp":"2020-10-26T21:43:32.659Z"}
{"username":"prateek.delguy","accessKey":"9DjIGDAUAnyqaNELLFGeGyLCcdW2W4diRXje0U5yaHr8nAReqE","level":"info","message":"Imported ApiClient and User Credenetials","timestamp":"2020-10-26T21:43:32.662Z"}
{"url":"https://api.lambdatest.com/automation/api/v1/sessions/e0520d1e-795d-4c0a-8e18-cfa9da8b737a","body":"{\"name\":\"Google Search Function\",\"status_ind\":\"passed\"}","method":"PATCH","headers":{"Authorization":"Basic cHJhdGVlay5kZWxndXk6OURqSUdEQVVBbnlxYU5FTExGR2VHeUxDY2RXMlc0ZGlSWGplMFU1eWFIcjhuQVJlcUU=","Content-Type":"application/json","Accept":"application/json"},"level":"info","message":"Api request options ","timestamp":"2020-10-26T21:43:47.995Z"}
{"message":"Api response json : Session updated successfully","status":"success","level":"info","timestamp":"2020-10-26T21:43:49.129Z"}
{"url":"https://api.lambdatest.com/automation/api/v1/sessions/1f066883-7b57-4380-80db-7d74f058af88","body":"{\"name\":\"Google Search Function\",\"status_ind\":\"passed\"}","method":"PATCH","headers":{"Authorization":"Basic cHJhdGVlay5kZWxndXk6OURqSUdEQVVBbnlxYU5FTExGR2VHeUxDY2RXMlc0ZGlSWGplMFU1eWFIcjhuQVJlcUU=","Content-Type":"application/json","Accept":"application/json"},"level":"info","message":"Api request options ","timestamp":"2020-10-26T21:44:02.517Z"}
{"message":"Api response json : Session updated successfully","status":"success","level":"info","timestamp":"2020-10-26T21:44:03.515Z"}
{"url":"https://api.lambdatest.com/automation/api/v1/sessions/c942a79001331fd8c8ac13589918022d","body":"{\"name\":\"Google Search Function\",\"status_ind\":\"passed\"}","method":"PATCH","headers":{"Authorization":"Basic cHJhdGVlay5kZWxndXk6OURqSUdEQVVBbnlxYU5FTExGR2VHeUxDY2RXMlc0ZGlSWGplMFU1eWFIcjhuQVJlcUU=","Content-Type":"application/json","Accept":"application/json"},"level":"info","message":"Api request options ","timestamp":"2020-10-26T21:44:14.688Z"}
{"message":"Api response json : Session updated successfully","status":"success","level":"info","timestamp":"2020-10-26T21:44:15.668Z"}
{"username":"prateek.delguy","accessKey":"9DjIGDAUAnyqaNELLFGeGyLCcdW2W4diRXje0U5yaHr8nAReqE","level":"info","message":"Imported ApiClient and User Credenetials","timestamp":"2020-10-26T21:48:04.351Z"}
{"username":"prateek.delguy","accessKey":"9DjIGDAUAnyqaNELLFGeGyLCcdW2W4diRXje0U5yaHr8nAReqE","level":"info","message":"Imported ApiClient and User Credenetials","timestamp":"2020-10-26T21:48:04.375Z"}
{"username":"prateek.delguy","accessKey":"9DjIGDAUAnyqaNELLFGeGyLCcdW2W4diRXje0U5yaHr8nAReqE","level":"info","message":"Imported ApiClient and User Credenetials","timestamp":"2020-10-26T21:48:04.376Z"}
{"url":"https://api.lambdatest.com/automation/api/v1/sessions/51656af21107c0db843ebbd5c580707a","body":"{\"name\":\"Google Search Function\",\"status_ind\":\"failed\"}","method":"PATCH","headers":{"Authorization":"Basic cHJhdGVlay5kZWxndXk6OURqSUdEQVVBbnlxYU5FTExGR2VHeUxDY2RXMlc0ZGlSWGplMFU1eWFIcjhuQVJlcUU=","Content-Type":"application/json","Accept":"application/json"},"level":"info","message":"Api request options ","timestamp":"2020-10-26T21:48:19.642Z"}
{"message":"Api response json : Session updated successfully","status":"success","level":"info","timestamp":"2020-10-26T21:48:20.638Z"}
{"url":"https://api.lambdatest.com/automation/api/v1/sessions/589972ea-63e8-45e7-9017-366018d79a9e","body":"{\"name\":\"Google Search Function\",\"status_ind\":\"failed\"}","method":"PATCH","headers":{"Authorization":"Basic cHJhdGVlay5kZWxndXk6OURqSUdEQVVBbnlxYU5FTExGR2VHeUxDY2RXMlc0ZGlSWGplMFU1eWFIcjhuQVJlcUU=","Content-Type":"application/json","Accept":"application/json"},"level":"info","message":"Api request options ","timestamp":"2020-10-26T21:48:46.750Z"}
{"message":"Api response json : Session updated successfully","status":"success","level":"info","timestamp":"2020-10-26T21:48:47.699Z"}
{"url":"https://api.lambdatest.com/automation/api/v1/sessions/0dea45ef-0091-47a7-bf42-3632d110e7ca","body":"{\"name\":\"Google Search Function\",\"status_ind\":\"failed\"}","method":"PATCH","headers":{"Authorization":"Basic cHJhdGVlay5kZWxndXk6OURqSUdEQVVBbnlxYU5FTExGR2VHeUxDY2RXMlc0ZGlSWGplMFU1eWFIcjhuQVJlcUU=","Content-Type":"application/json","Accept":"application/json"},"level":"info","message":"Api request options ","timestamp":"2020-10-26T21:49:20.089Z"}
{"message":"Api response json : Session updated successfully","status":"success","level":"info","timestamp":"2020-10-26T21:49:21.046Z"}
{"username":"prateek.delguy","accessKey":"9DjIGDAUAnyqaNELLFGeGyLCcdW2W4diRXje0U5yaHr8nAReqE","level":"info","message":"Imported ApiClient and User Credenetials","timestamp":"2020-10-26T21:51:12.538Z"}
{"username":"prateek.delguy","accessKey":"9DjIGDAUAnyqaNELLFGeGyLCcdW2W4diRXje0U5yaHr8nAReqE","level":"info","message":"Imported ApiClient and User Credenetials","timestamp":"2020-10-26T21:51:12.539Z"}
{"username":"prateek.delguy","accessKey":"9DjIGDAUAnyqaNELLFGeGyLCcdW2W4diRXje0U5yaHr8nAReqE","level":"info","message":"Imported ApiClient and User Credenetials","timestamp":"2020-10-26T21:51:12.544Z"}
{"url":"https://api.lambdatest.com/automation/api/v1/sessions/d11847de-cf7b-4746-9a04-92a7ed389890","body":"{\"name\":\"Google Search Function\",\"status_ind\":\"failed\"}","method":"PATCH","headers":{"Authorization":"Basic cHJhdGVlay5kZWxndXk6OURqSUdEQVVBbnlxYU5FTExGR2VHeUxDY2RXMlc0ZGlSWGplMFU1eWFIcjhuQVJlcUU=","Content-Type":"application/json","Accept":"application/json"},"level":"info","message":"Api request options ","timestamp":"2020-10-26T21:51:29.447Z"}
{"message":"Api response json : Session updated successfully","status":"success","level":"info","timestamp":"2020-10-26T21:51:30.389Z"}
{"url":"https://api.lambdatest.com/automation/api/v1/sessions/c146a979-3659-4c05-9db8-da591c031d7e","body":"{\"name\":\"Google Search Function\",\"status_ind\":\"failed\"}","method":"PATCH","headers":{"Authorization":"Basic cHJhdGVlay5kZWxndXk6OURqSUdEQVVBbnlxYU5FTExGR2VHeUxDY2RXMlc0ZGlSWGplMFU1eWFIcjhuQVJlcUU=","Content-Type":"application/json","Accept":"application/json"},"level":"info","message":"Api request options ","timestamp":"2020-10-26T21:51:50.742Z"}
{"message":"Api response json : Session updated successfully","status":"success","level":"info","timestamp":"2020-10-26T21:51:51.775Z"}
{"url":"https://api.lambdatest.com/automation/api/v1/sessions/e3acfe67762237c615f22c99e6d369a3","body":"{\"name\":\"Google Search Function\",\"status_ind\":\"failed\"}","method":"PATCH","headers":{"Authorization":"Basic cHJhdGVlay5kZWxndXk6OURqSUdEQVVBbnlxYU5FTExGR2VHeUxDY2RXMlc0ZGlSWGplMFU1eWFIcjhuQVJlcUU=","Content-Type":"application/json","Accept":"application/json"},"level":"info","message":"Api request options ","timestamp":"2020-10-26T21:52:08.256Z"}
{"message":"Api response json : Session updated successfully","status":"success","level":"info","timestamp":"2020-10-26T21:52:09.251Z"}
{"username":"prateek.delguy","accessKey":"9DjIGDAUAnyqaNELLFGeGyLCcdW2W4diRXje0U5yaHr8nAReqE","level":"info","message":"Imported ApiClient and User Credenetials","timestamp":"2020-10-26T21:54:45.753Z"}
{"username":"prateek.delguy","accessKey":"9DjIGDAUAnyqaNELLFGeGyLCcdW2W4diRXje0U5yaHr8nAReqE","level":"info","message":"Imported ApiClient and User Credenetials","timestamp":"2020-10-26T21:54:45.752Z"}
{"username":"prateek.delguy","accessKey":"9DjIGDAUAnyqaNELLFGeGyLCcdW2W4diRXje0U5yaHr8nAReqE","level":"info","message":"Imported ApiClient and User Credenetials","timestamp":"2020-10-26T21:54:45.753Z"}
{"url":"https://api.lambdatest.com/automation/api/v1/sessions/2b3cecff-6bbf-4443-88df-03c0306f04e6","body":"{\"name\":\"Google Search Function\",\"status_ind\":\"failed\"}","method":"PATCH","headers":{"Authorization":"Basic cHJhdGVlay5kZWxndXk6OURqSUdEQVVBbnlxYU5FTExGR2VHeUxDY2RXMlc0ZGlSWGplMFU1eWFIcjhuQVJlcUU=","Content-Type":"application/json","Accept":"application/json"},"level":"info","message":"Api request options ","timestamp":"2020-10-26T21:55:02.736Z"}
{"message":"Api response json : Session updated successfully","status":"success","level":"info","timestamp":"2020-10-26T21:55:03.685Z"}
{"url":"https://api.lambdatest.com/automation/api/v1/sessions/b12d8453e62218c3c7615bd21cd469b3","body":"{\"name\":\"Google Search Function\",\"status_ind\":\"passed\"}","method":"PATCH","headers":{"Authorization":"Basic cHJhdGVlay5kZWxndXk6OURqSUdEQVVBbnlxYU5FTExGR2VHeUxDY2RXMlc0ZGlSWGplMFU1eWFIcjhuQVJlcUU=","Content-Type":"application/json","Accept":"application/json"},"level":"info","message":"Api request options ","timestamp":"2020-10-26T21:55:20.674Z"}
{"message":"Api response json : Session updated successfully","status":"success","level":"info","timestamp":"2020-10-26T21:55:21.697Z"}
{"url":"https://api.lambdatest.com/automation/api/v1/sessions/c80abccf-ccb0-4c50-837f-29bc04a0458e","body":"{\"name\":\"Google Search Function\",\"status_ind\":\"passed\"}","method":"PATCH","headers":{"Authorization":"Basic cHJhdGVlay5kZWxndXk6OURqSUdEQVVBbnlxYU5FTExGR2VHeUxDY2RXMlc0ZGlSWGplMFU1eWFIcjhuQVJlcUU=","Content-Type":"application/json","Accept":"application/json"},"level":"info","message":"Api request options ","timestamp":"2020-10-26T21:55:35.036Z"}
{"username":"prateeks","accessKey":"IuCSesD83A7LsTFzEKS0Lb6tzvEfBQ38DMkFTEpudatxxxsdjH","level":"info","message":"Imported ApiClient and User Credenetials","timestamp":"2020-11-09T10:47:23.137Z"}
{"url":"https://api.lambdatest.com/automation/api/v1/sessions/fd8c8b776f9105f8ddc2a07b60dbb8da","body":"{\"name\":\"Google Search Function\",\"status_ind\":\"failed\"}","method":"PATCH","headers":{"Authorization":"Basic cHJhdGVla3M6SXVDU2VzRDgzQTdMc1RGekVLUzBMYjZ0enZFZkJRMzhETWtGVEVwdWRhdHh4eHNkakg=","Content-Type":"application/json","Accept":"application/json"},"level":"info","message":"Api request options ","timestamp":"2020-11-09T10:47:41.583Z"}
{"message":"Api response json : Session updated successfully","status":"success","level":"info","timestamp":"2020-11-09T10:47:42.998Z"}
{"username":"prateeks","accessKey":"IuCSesD83A7LsTFzEKS0Lb6tzvEfBQ38DMkFTEpudatxxxsdjH","level":"info","message":"Imported ApiClient and User Credenetials","timestamp":"2020-11-09T10:48:23.324Z"}
{"username":"prateeks","accessKey":"IuCSesD83A7LsTFzEKS0Lb6tzvEfBQ38DMkFTEpudatxxxsdjH","level":"info","message":"Imported ApiClient and User Credenetials","timestamp":"2020-11-09T10:48:44.204Z"}
{"url":"https://api.lambdatest.com/automation/api/v1/sessions/711e98b0e7af5fdbae16ab518e9649e4","body":"{\"name\":\"Google Search Function\",\"status_ind\":\"passed\"}","method":"PATCH","headers":{"Authorization":"Basic cHJhdGVla3M6SXVDU2VzRDgzQTdMc1RGekVLUzBMYjZ0enZFZkJRMzhETWtGVEVwdWRhdHh4eHNkakg=","Content-Type":"application/json","Accept":"application/json"},"level":"info","message":"Api request options ","timestamp":"2020-11-09T10:48:56.714Z"}
{"message":"Api response json : Session updated successfully","status":"success","level":"info","timestamp":"2020-11-09T10:48:58.154Z"}
{"username":"prateek.delguy","accessKey":"9DjIGDAUAnyqaNELLFGeGyLCcdW2W4diRXje0U5yaHr8nAReqE","level":"info","message":"Imported ApiClient and User Credenetials","timestamp":"2020-11-09T10:51:34.806Z"}
{"url":"https://api.lambdatest.com/automation/api/v1/sessions/3ee72182817e30e301d324107805c7a7","body":"{\"name\":\"Google Search Function\",\"status_ind\":\"passed\"}","method":"PATCH","headers":{"Authorization":"Basic cHJhdGVlay5kZWxndXk6OURqSUdEQVVBbnlxYU5FTExGR2VHeUxDY2RXMlc0ZGlSWGplMFU1eWFIcjhuQVJlcUU=","Content-Type":"application/json","Accept":"application/json"},"level":"info","message":"Api request options ","timestamp":"2020-11-09T10:51:46.659Z"}
{"message":"Api response json : Session updated successfully","status":"success","level":"info","timestamp":"2020-11-09T10:51:51.865Z"}
{"username":"prateek.delguy","accessKey":"9DjIGDAUAnyqaNELLFGeGyLCcdW2W4diRXje0U5yaHr8nAReqE","level":"info","message":"Imported ApiClient and User Credenetials","timestamp":"2020-11-09T10:51:53.260Z"}
{"url":"https://api.lambdatest.com/automation/api/v1/sessions/070c14c2-a49c-4fd9-8ebc-35e92743d709","body":"{\"name\":\"Google Search Function\",\"status_ind\":\"passed\"}","method":"PATCH","headers":{"Authorization":"Basic cHJhdGVlay5kZWxndXk6OURqSUdEQVVBbnlxYU5FTExGR2VHeUxDY2RXMlc0ZGlSWGplMFU1eWFIcjhuQVJlcUU=","Content-Type":"application/json","Accept":"application/json"},"level":"info","message":"Api request options ","timestamp":"2020-11-09T10:52:05.273Z"}
{"message":"Api response json : Session updated successfully","status":"success","level":"info","timestamp":"2020-11-09T10:52:08.804Z"}
{"username":"prateek.delguy","accessKey":"9DjIGDAUAnyqaNELLFGeGyLCcdW2W4diRXje0U5yaHr8nAReqE","level":"info","message":"Imported ApiClient and User Credenetials","timestamp":"2020-11-09T10:52:11.768Z"}
{"url":"https://api.lambdatest.com/automation/api/v1/sessions/bd5151d0-de32-4e94-ac19-9382a57139c3","body":"{\"name\":\"Google Search Function\",\"status_ind\":\"passed\"}","method":"PATCH","headers":{"Authorization":"Basic cHJhdGVlay5kZWxndXk6OURqSUdEQVVBbnlxYU5FTExGR2VHeUxDY2RXMlc0ZGlSWGplMFU1eWFIcjhuQVJlcUU=","Content-Type":"application/json","Accept":"application/json"},"level":"info","message":"Api request options ","timestamp":"2020-11-09T10:52:36.194Z"}
{"message":"Api response json : Session updated successfully","status":"success","level":"info","timestamp":"2020-11-09T10:52:37.690Z"}
{"username":"prateek.delguy","accessKey":"9DjIGDAUAnyqaNELLFGeGyLCcdW2W4diRXje0U5yaHr8nAReqE","level":"info","message":"Imported ApiClient and User Credenetials","timestamp":"2020-11-09T10:53:09.725Z"}
{"username":"prateek.delguy","accessKey":"9DjIGDAUAnyqaNELLFGeGyLCcdW2W4diRXje0U5yaHr8nAReqE","level":"info","message":"Imported ApiClient and User Credenetials","timestamp":"2020-11-09T10:53:09.718Z"}
{"url":"https://api.lambdatest.com/automation/api/v1/sessions/cb295da8-a922-41b5-b125-f8d21209364c","body":"{\"name\":\"Google Search Function\",\"status_ind\":\"passed\"}","method":"PATCH","headers":{"Authorization":"Basic cHJhdGVlay5kZWxndXk6OURqSUdEQVVBbnlxYU5FTExGR2VHeUxDY2RXMlc0ZGlSWGplMFU1eWFIcjhuQVJlcUU=","Content-Type":"application/json","Accept":"application/json"},"level":"info","message":"Api request options ","timestamp":"2020-11-09T10:53:22.993Z"}
{"message":"Api response json : Session updated successfully","status":"success","level":"info","timestamp":"2020-11-09T10:53:26.349Z"}
{"username":"prateek.delguy","accessKey":"9DjIGDAUAnyqaNELLFGeGyLCcdW2W4diRXje0U5yaHr8nAReqE","level":"info","message":"Imported ApiClient and User Credenetials","timestamp":"2020-11-09T10:53:28.869Z"}
{"url":"https://api.lambdatest.com/automation/api/v1/sessions/8ac4751f3d8b3b367abbae0de4565585","body":"{\"name\":\"Google Search Function\",\"status_ind\":\"passed\"}","method":"PATCH","headers":{"Authorization":"Basic cHJhdGVlay5kZWxndXk6OURqSUdEQVVBbnlxYU5FTExGR2VHeUxDY2RXMlc0ZGlSWGplMFU1eWFIcjhuQVJlcUU=","Content-Type":"application/json","Accept":"application/json"},"level":"info","message":"Api request options ","timestamp":"2020-11-09T10:53:37.423Z"}
{"message":"Api response json : Session updated successfully","status":"success","level":"info","timestamp":"2020-11-09T10:53:38.919Z"}
{"url":"https://api.lambdatest.com/automation/api/v1/sessions/37aa33c4-8ba6-428e-952b-6ddf739f60d1","body":"{\"name\":\"Google Search Function\",\"status_ind\":\"passed\"}","method":"PATCH","headers":{"Authorization":"Basic cHJhdGVlay5kZWxndXk6OURqSUdEQVVBbnlxYU5FTExGR2VHeUxDY2RXMlc0ZGlSWGplMFU1eWFIcjhuQVJlcUU=","Content-Type":"application/json","Accept":"application/json"},"level":"info","message":"Api request options ","timestamp":"2020-11-09T10:53:54.657Z"}
{"message":"Api response json : Session updated successfully","status":"success","level":"info","timestamp":"2020-11-09T10:53:56.292Z"}
{"username":"prateek.delguy","accessKey":"9DjIGDAUAnyqaNELLFGeGyLCcdW2W4diRXje0U5yaHr8nAReqE","level":"info","message":"Imported ApiClient and User Credenetials","timestamp":"2020-11-09T10:54:30.166Z"}
{"username":"prateek.delguy","accessKey":"9DjIGDAUAnyqaNELLFGeGyLCcdW2W4diRXje0U5yaHr8nAReqE","level":"info","message":"Imported ApiClient and User Credenetials","timestamp":"2020-11-09T10:54:30.168Z"}
{"username":"prateek.delguy","accessKey":"9DjIGDAUAnyqaNELLFGeGyLCcdW2W4diRXje0U5yaHr8nAReqE","level":"info","message":"Imported ApiClient and User Credenetials","timestamp":"2020-11-09T10:54:30.201Z"}
{"url":"https://api.lambdatest.com/automation/api/v1/sessions/f8c8c38985325e0e1d3f847ab42255a0","body":"{\"name\":\"Google Search Function\",\"status_ind\":\"passed\"}","method":"PATCH","headers":{"Authorization":"Basic cHJhdGVlay5kZWxndXk6OURqSUdEQVVBbnlxYU5FTExGR2VHeUxDY2RXMlc0ZGlSWGplMFU1eWFIcjhuQVJlcUU=","Content-Type":"application/json","Accept":"application/json"},"level":"info","message":"Api request options ","timestamp":"2020-11-09T10:54:42.082Z"}
{"message":"Api response json : Session updated successfully","status":"success","level":"info","timestamp":"2020-11-09T10:54:43.616Z"}
{"url":"https://api.lambdatest.com/automation/api/v1/sessions/abaa7e75-52b4-48b2-83f7-250c230ee03f","body":"{\"name\":\"Google Search Function\",\"status_ind\":\"passed\"}","method":"PATCH","headers":{"Authorization":"Basic cHJhdGVlay5kZWxndXk6OURqSUdEQVVBbnlxYU5FTExGR2VHeUxDY2RXMlc0ZGlSWGplMFU1eWFIcjhuQVJlcUU=","Content-Type":"application/json","Accept":"application/json"},"level":"info","message":"Api request options ","timestamp":"2020-11-09T10:54:56.234Z"}
{"message":"Api response json : Session updated successfully","status":"success","level":"info","timestamp":"2020-11-09T10:54:57.215Z"}
{"url":"https://api.lambdatest.com/automation/api/v1/sessions/4fd3dd68-fca4-4e04-be23-e753bd899e71","body":"{\"name\":\"Google Search Function\",\"status_ind\":\"passed\"}","method":"PATCH","headers":{"Authorization":"Basic cHJhdGVlay5kZWxndXk6OURqSUdEQVVBbnlxYU5FTExGR2VHeUxDY2RXMlc0ZGlSWGplMFU1eWFIcjhuQVJlcUU=","Content-Type":"application/json","Accept":"application/json"},"level":"info","message":"Api request options ","timestamp":"2020-11-09T10:55:11.111Z"}
{"message":"Api response json : Session updated successfully","status":"success","level":"info","timestamp":"2020-11-09T10:55:12.633Z"}
